CRITICAL - 2022-04-01 02:23:10 --> Undefined array key "title"
#0 C:\Users\codersbay\OneDrive\Du_Li_Jo\Coders.Bay\codeigniter4-CodeIgniter4-202f41a\app\Views\user\overview.php(10): CodeIgniter\Debug\Exceptions->errorHandler(2, 'Undefined array...', 'C:\\Users\\coders...', 10)
#1 C:\Users\codersbay\OneDrive\Du_Li_Jo\Coders.Bay\codeigniter4-CodeIgniter4-202f41a\system\View\View.php(210): include('C:\\Users\\coders...')
#2 C:\Users\codersbay\OneDrive\Du_Li_Jo\Coders.Bay\codeigniter4-CodeIgniter4-202f41a\system\View\View.php(213): CodeIgniter\View\View->CodeIgniter\View\{closure}()
#3 C:\Users\codersbay\OneDrive\Du_Li_Jo\Coders.Bay\codeigniter4-CodeIgniter4-202f41a\system\Common.php(1089): CodeIgniter\View\View->render('user/overview', Array, true)
#4 C:\Users\codersbay\OneDrive\Du_Li_Jo\Coders.Bay\codeigniter4-CodeIgniter4-202f41a\app\Controllers\Users.php(19): view('user/overview', Array)
#5 C:\Users\codersbay\OneDrive\Du_Li_Jo\Coders.Bay\codeigniter4-CodeIgniter4-202f41a\system\CodeIgniter.php(832): App\Controllers\Users->index()
#6 C:\Users\codersbay\OneDrive\Du_Li_Jo\Coders.Bay\codeigniter4-CodeIgniter4-202f41a\system\CodeIgniter.php(419): CodeIgniter\CodeIgniter->runController(Object(App\Controllers\Users))
#7 C:\Users\codersbay\OneDrive\Du_Li_Jo\Coders.Bay\codeigniter4-CodeIgniter4-202f41a\system\CodeIgniter.php(326): CodeIgniter\CodeIgniter->handleRequest(NULL, Object(Config\Cache), false)
#8 C:\Users\codersbay\OneDrive\Du_Li_Jo\Coders.Bay\codeigniter4-CodeIgniter4-202f41a\public\index.php(37): CodeIgniter\CodeIgniter->run()
#9 C:\Users\codersbay\OneDrive\Du_Li_Jo\Coders.Bay\codeigniter4-CodeIgniter4-202f41a\system\Commands\Server\rewrite.php(43): require_once('C:\\Users\\coders...')
#10 {main}
CRITICAL - 2022-04-01 02:24:31 --> Undefined array key "title"
#0 C:\Users\codersbay\OneDrive\Du_Li_Jo\Coders.Bay\codeigniter4-CodeIgniter4-202f41a\app\Views\user\overview.php(10): CodeIgniter\Debug\Exceptions->errorHandler(2, 'Undefined array...', 'C:\\Users\\coders...', 10)
#1 C:\Users\codersbay\OneDrive\Du_Li_Jo\Coders.Bay\codeigniter4-CodeIgniter4-202f41a\system\View\View.php(210): include('C:\\Users\\coders...')
#2 C:\Users\codersbay\OneDrive\Du_Li_Jo\Coders.Bay\codeigniter4-CodeIgniter4-202f41a\system\View\View.php(213): CodeIgniter\View\View->CodeIgniter\View\{closure}()
#3 C:\Users\codersbay\OneDrive\Du_Li_Jo\Coders.Bay\codeigniter4-CodeIgniter4-202f41a\system\Common.php(1089): CodeIgniter\View\View->render('user/overview', Array, true)
#4 C:\Users\codersbay\OneDrive\Du_Li_Jo\Coders.Bay\codeigniter4-CodeIgniter4-202f41a\app\Controllers\Users.php(19): view('user/overview', Array)
#5 C:\Users\codersbay\OneDrive\Du_Li_Jo\Coders.Bay\codeigniter4-CodeIgniter4-202f41a\system\CodeIgniter.php(832): App\Controllers\Users->index()
#6 C:\Users\codersbay\OneDrive\Du_Li_Jo\Coders.Bay\codeigniter4-CodeIgniter4-202f41a\system\CodeIgniter.php(419): CodeIgniter\CodeIgniter->runController(Object(App\Controllers\Users))
#7 C:\Users\codersbay\OneDrive\Du_Li_Jo\Coders.Bay\codeigniter4-CodeIgniter4-202f41a\system\CodeIgniter.php(326): CodeIgniter\CodeIgniter->handleRequest(NULL, Object(Config\Cache), false)
#8 C:\Users\codersbay\OneDrive\Du_Li_Jo\Coders.Bay\codeigniter4-CodeIgniter4-202f41a\public\index.php(37): CodeIgniter\CodeIgniter->run()
#9 C:\Users\codersbay\OneDrive\Du_Li_Jo\Coders.Bay\codeigniter4-CodeIgniter4-202f41a\system\Commands\Server\rewrite.php(43): require_once('C:\\Users\\coders...')
#10 {main}
CRITICAL - 2022-04-01 02:27:06 --> Undefined variable $singelUser
#0 C:\Users\codersbay\OneDrive\Du_Li_Jo\Coders.Bay\codeigniter4-CodeIgniter4-202f41a\app\Views\user\overview.php(13): CodeIgniter\Debug\Exceptions->errorHandler(2, 'Undefined varia...', 'C:\\Users\\coders...', 13)
#1 C:\Users\codersbay\OneDrive\Du_Li_Jo\Coders.Bay\codeigniter4-CodeIgniter4-202f41a\system\View\View.php(210): include('C:\\Users\\coders...')
#2 C:\Users\codersbay\OneDrive\Du_Li_Jo\Coders.Bay\codeigniter4-CodeIgniter4-202f41a\system\View\View.php(213): CodeIgniter\View\View->CodeIgniter\View\{closure}()
#3 C:\Users\codersbay\OneDrive\Du_Li_Jo\Coders.Bay\codeigniter4-CodeIgniter4-202f41a\system\Common.php(1089): CodeIgniter\View\View->render('user/overview', Array, true)
#4 C:\Users\codersbay\OneDrive\Du_Li_Jo\Coders.Bay\codeigniter4-CodeIgniter4-202f41a\app\Controllers\Users.php(19): view('user/overview', Array)
#5 C:\Users\codersbay\OneDrive\Du_Li_Jo\Coders.Bay\codeigniter4-CodeIgniter4-202f41a\system\CodeIgniter.php(832): App\Controllers\Users->index()
#6 C:\Users\codersbay\OneDrive\Du_Li_Jo\Coders.Bay\codeigniter4-CodeIgniter4-202f41a\system\CodeIgniter.php(419): CodeIgniter\CodeIgniter->runController(Object(App\Controllers\Users))
#7 C:\Users\codersbay\OneDrive\Du_Li_Jo\Coders.Bay\codeigniter4-CodeIgniter4-202f41a\system\CodeIgniter.php(326): CodeIgniter\CodeIgniter->handleRequest(NULL, Object(Config\Cache), false)
#8 C:\Users\codersbay\OneDrive\Du_Li_Jo\Coders.Bay\codeigniter4-CodeIgniter4-202f41a\public\index.php(37): CodeIgniter\CodeIgniter->run()
#9 C:\Users\codersbay\OneDrive\Du_Li_Jo\Coders.Bay\codeigniter4-CodeIgniter4-202f41a\system\Commands\Server\rewrite.php(43): require_once('C:\\Users\\coders...')
#10 {main}
CRITICAL - 2022-04-01 02:27:20 --> Undefined array key "slug"
#0 C:\Users\codersbay\OneDrive\Du_Li_Jo\Coders.Bay\codeigniter4-CodeIgniter4-202f41a\app\Views\user\overview.php(17): CodeIgniter\Debug\Exceptions->errorHandler(2, 'Undefined array...', 'C:\\Users\\coders...', 17)
#1 C:\Users\codersbay\OneDrive\Du_Li_Jo\Coders.Bay\codeigniter4-CodeIgniter4-202f41a\system\View\View.php(210): include('C:\\Users\\coders...')
#2 C:\Users\codersbay\OneDrive\Du_Li_Jo\Coders.Bay\codeigniter4-CodeIgniter4-202f41a\system\View\View.php(213): CodeIgniter\View\View->CodeIgniter\View\{closure}()
#3 C:\Users\codersbay\OneDrive\Du_Li_Jo\Coders.Bay\codeigniter4-CodeIgniter4-202f41a\system\Common.php(1089): CodeIgniter\View\View->render('user/overview', Array, true)
#4 C:\Users\codersbay\OneDrive\Du_Li_Jo\Coders.Bay\codeigniter4-CodeIgniter4-202f41a\app\Controllers\Users.php(19): view('user/overview', Array)
#5 C:\Users\codersbay\OneDrive\Du_Li_Jo\Coders.Bay\codeigniter4-CodeIgniter4-202f41a\system\CodeIgniter.php(832): App\Controllers\Users->index()
#6 C:\Users\codersbay\OneDrive\Du_Li_Jo\Coders.Bay\codeigniter4-CodeIgniter4-202f41a\system\CodeIgniter.php(419): CodeIgniter\CodeIgniter->runController(Object(App\Controllers\Users))
#7 C:\Users\codersbay\OneDrive\Du_Li_Jo\Coders.Bay\codeigniter4-CodeIgniter4-202f41a\system\CodeIgniter.php(326): CodeIgniter\CodeIgniter->handleRequest(NULL, Object(Config\Cache), false)
#8 C:\Users\codersbay\OneDrive\Du_Li_Jo\Coders.Bay\codeigniter4-CodeIgniter4-202f41a\public\index.php(37): CodeIgniter\CodeIgniter->run()
#9 C:\Users\codersbay\OneDrive\Du_Li_Jo\Coders.Bay\codeigniter4-CodeIgniter4-202f41a\system\Commands\Server\rewrite.php(43): require_once('C:\\Users\\coders...')
#10 {main}
ERROR - 2022-04-01 02:27:44 --> Unknown column 'slug' in 'where clause'
CRITICAL - 2022-04-01 02:27:44 --> Unknown column 'slug' in 'where clause'
#0 C:\Users\codersbay\OneDrive\Du_Li_Jo\Coders.Bay\codeigniter4-CodeIgniter4-202f41a\system\Database\MySQLi\Connection.php(292): mysqli->query('SELECT *\nFROM `...', 0)
#1 C:\Users\codersbay\OneDrive\Du_Li_Jo\Coders.Bay\codeigniter4-CodeIgniter4-202f41a\system\Database\BaseConnection.php(670): CodeIgniter\Database\MySQLi\Connection->execute('SELECT *\nFROM `...')
#2 C:\Users\codersbay\OneDrive\Du_Li_Jo\Coders.Bay\codeigniter4-CodeIgniter4-202f41a\system\Database\BaseConnection.php(598): CodeIgniter\Database\BaseConnection->simpleQuery('SELECT *\nFROM `...')
#3 C:\Users\codersbay\OneDrive\Du_Li_Jo\Coders.Bay\codeigniter4-CodeIgniter4-202f41a\system\Database\BaseBuilder.php(1455): CodeIgniter\Database\BaseConnection->query('SELECT *\nFROM `...', Array, false)
#4 C:\Users\codersbay\OneDrive\Du_Li_Jo\Coders.Bay\codeigniter4-CodeIgniter4-202f41a\system\Model.php(210): CodeIgniter\Database\BaseBuilder->get()
#5 C:\Users\codersbay\OneDrive\Du_Li_Jo\Coders.Bay\codeigniter4-CodeIgniter4-202f41a\system\BaseModel.php(622): CodeIgniter\Model->doFirst()
#6 C:\Users\codersbay\OneDrive\Du_Li_Jo\Coders.Bay\codeigniter4-CodeIgniter4-202f41a\app\Models\UsersModel.php(17): CodeIgniter\BaseModel->first()
#7 C:\Users\codersbay\OneDrive\Du_Li_Jo\Coders.Bay\codeigniter4-CodeIgniter4-202f41a\app\Controllers\Users.php(27): App\Models\UsersModel->getUser('eifrigerSpecht2...')
#8 C:\Users\codersbay\OneDrive\Du_Li_Jo\Coders.Bay\codeigniter4-CodeIgniter4-202f41a\system\CodeIgniter.php(832): App\Controllers\Users->view('eifrigerSpecht2...')
#9 C:\Users\codersbay\OneDrive\Du_Li_Jo\Coders.Bay\codeigniter4-CodeIgniter4-202f41a\system\CodeIgniter.php(419): CodeIgniter\CodeIgniter->runController(Object(App\Controllers\Users))
#10 C:\Users\codersbay\OneDrive\Du_Li_Jo\Coders.Bay\codeigniter4-CodeIgniter4-202f41a\system\CodeIgniter.php(326): CodeIgniter\CodeIgniter->handleRequest(NULL, Object(Config\Cache), false)
#11 C:\Users\codersbay\OneDrive\Du_Li_Jo\Coders.Bay\codeigniter4-CodeIgniter4-202f41a\public\index.php(37): CodeIgniter\CodeIgniter->run()
#12 C:\Users\codersbay\OneDrive\Du_Li_Jo\Coders.Bay\codeigniter4-CodeIgniter4-202f41a\system\Commands\Server\rewrite.php(43): require_once('C:\\Users\\coders...')
#13 {main}
CRITICAL - 2022-04-01 02:29:16 --> Array to string conversion
#0 C:\Users\codersbay\OneDrive\Du_Li_Jo\Coders.Bay\codeigniter4-CodeIgniter4-202f41a\app\Views\user\overview.php(11): CodeIgniter\Debug\Exceptions->errorHandler(2, 'Array to string...', 'C:\\Users\\coders...', 11)
#1 C:\Users\codersbay\OneDrive\Du_Li_Jo\Coders.Bay\codeigniter4-CodeIgniter4-202f41a\system\View\View.php(210): include('C:\\Users\\coders...')
#2 C:\Users\codersbay\OneDrive\Du_Li_Jo\Coders.Bay\codeigniter4-CodeIgniter4-202f41a\system\View\View.php(213): CodeIgniter\View\View->CodeIgniter\View\{closure}()
#3 C:\Users\codersbay\OneDrive\Du_Li_Jo\Coders.Bay\codeigniter4-CodeIgniter4-202f41a\system\Common.php(1089): CodeIgniter\View\View->render('user/overview', Array, true)
#4 C:\Users\codersbay\OneDrive\Du_Li_Jo\Coders.Bay\codeigniter4-CodeIgniter4-202f41a\app\Controllers\Users.php(19): view('user/overview', Array)
#5 C:\Users\codersbay\OneDrive\Du_Li_Jo\Coders.Bay\codeigniter4-CodeIgniter4-202f41a\system\CodeIgniter.php(832): App\Controllers\Users->index()
#6 C:\Users\codersbay\OneDrive\Du_Li_Jo\Coders.Bay\codeigniter4-CodeIgniter4-202f41a\system\CodeIgniter.php(419): CodeIgniter\CodeIgniter->runController(Object(App\Controllers\Users))
#7 C:\Users\codersbay\OneDrive\Du_Li_Jo\Coders.Bay\codeigniter4-CodeIgniter4-202f41a\system\CodeIgniter.php(326): CodeIgniter\CodeIgniter->handleRequest(NULL, Object(Config\Cache), false)
#8 C:\Users\codersbay\OneDrive\Du_Li_Jo\Coders.Bay\codeigniter4-CodeIgniter4-202f41a\public\index.php(37): CodeIgniter\CodeIgniter->run()
#9 C:\Users\codersbay\OneDrive\Du_Li_Jo\Coders.Bay\codeigniter4-CodeIgniter4-202f41a\system\Commands\Server\rewrite.php(43): require_once('C:\\Users\\coders...')
#10 {main}
CRITICAL - 2022-04-01 02:30:42 --> syntax error, unexpected token ";"
#0 C:\Users\codersbay\OneDrive\Du_Li_Jo\Coders.Bay\codeigniter4-CodeIgniter4-202f41a\system\View\View.php(213): CodeIgniter\View\View->CodeIgniter\View\{closure}()
#1 C:\Users\codersbay\OneDrive\Du_Li_Jo\Coders.Bay\codeigniter4-CodeIgniter4-202f41a\system\Common.php(1089): CodeIgniter\View\View->render('user/overview', Array, true)
#2 C:\Users\codersbay\OneDrive\Du_Li_Jo\Coders.Bay\codeigniter4-CodeIgniter4-202f41a\app\Controllers\Users.php(19): view('user/overview', Array)
#3 C:\Users\codersbay\OneDrive\Du_Li_Jo\Coders.Bay\codeigniter4-CodeIgniter4-202f41a\system\CodeIgniter.php(832): App\Controllers\Users->index()
#4 C:\Users\codersbay\OneDrive\Du_Li_Jo\Coders.Bay\codeigniter4-CodeIgniter4-202f41a\system\CodeIgniter.php(419): CodeIgniter\CodeIgniter->runController(Object(App\Controllers\Users))
#5 C:\Users\codersbay\OneDrive\Du_Li_Jo\Coders.Bay\codeigniter4-CodeIgniter4-202f41a\system\CodeIgniter.php(326): CodeIgniter\CodeIgniter->handleRequest(NULL, Object(Config\Cache), false)
#6 C:\Users\codersbay\OneDrive\Du_Li_Jo\Coders.Bay\codeigniter4-CodeIgniter4-202f41a\public\index.php(37): CodeIgniter\CodeIgniter->run()
#7 C:\Users\codersbay\OneDrive\Du_Li_Jo\Coders.Bay\codeigniter4-CodeIgniter4-202f41a\system\Commands\Server\rewrite.php(43): require_once('C:\\Users\\coders...')
#8 {main}
CRITICAL - 2022-04-01 02:32:49 --> Array to string conversion
#0 C:\Users\codersbay\OneDrive\Du_Li_Jo\Coders.Bay\codeigniter4-CodeIgniter4-202f41a\app\Views\user\overview.php(15): CodeIgniter\Debug\Exceptions->errorHandler(2, 'Array to string...', 'C:\\Users\\coders...', 15)
#1 C:\Users\codersbay\OneDrive\Du_Li_Jo\Coders.Bay\codeigniter4-CodeIgniter4-202f41a\system\View\View.php(210): include('C:\\Users\\coders...')
#2 C:\Users\codersbay\OneDrive\Du_Li_Jo\Coders.Bay\codeigniter4-CodeIgniter4-202f41a\system\View\View.php(213): CodeIgniter\View\View->CodeIgniter\View\{closure}()
#3 C:\Users\codersbay\OneDrive\Du_Li_Jo\Coders.Bay\codeigniter4-CodeIgniter4-202f41a\system\Common.php(1089): CodeIgniter\View\View->render('user/overview', Array, true)
#4 C:\Users\codersbay\OneDrive\Du_Li_Jo\Coders.Bay\codeigniter4-CodeIgniter4-202f41a\app\Controllers\Users.php(19): view('user/overview', Array)
#5 C:\Users\codersbay\OneDrive\Du_Li_Jo\Coders.Bay\codeigniter4-CodeIgniter4-202f41a\system\CodeIgniter.php(832): App\Controllers\Users->index()
#6 C:\Users\codersbay\OneDrive\Du_Li_Jo\Coders.Bay\codeigniter4-CodeIgniter4-202f41a\system\CodeIgniter.php(419): CodeIgniter\CodeIgniter->runController(Object(App\Controllers\Users))
#7 C:\Users\codersbay\OneDrive\Du_Li_Jo\Coders.Bay\codeigniter4-CodeIgniter4-202f41a\system\CodeIgniter.php(326): CodeIgniter\CodeIgniter->handleRequest(NULL, Object(Config\Cache), false)
#8 C:\Users\codersbay\OneDrive\Du_Li_Jo\Coders.Bay\codeigniter4-CodeIgniter4-202f41a\public\index.php(37): CodeIgniter\CodeIgniter->run()
#9 C:\Users\codersbay\OneDrive\Du_Li_Jo\Coders.Bay\codeigniter4-CodeIgniter4-202f41a\system\Commands\Server\rewrite.php(43): require_once('C:\\Users\\coders...')
#10 {main}
ERROR - 2022-04-01 02:36:43 --> Unknown column 'slug' in 'where clause'
CRITICAL - 2022-04-01 02:36:43 --> Unknown column 'slug' in 'where clause'
#0 C:\Users\codersbay\OneDrive\Du_Li_Jo\Coders.Bay\codeigniter4-CodeIgniter4-202f41a\system\Database\MySQLi\Connection.php(292): mysqli->query('SELECT *\nFROM `...', 0)
#1 C:\Users\codersbay\OneDrive\Du_Li_Jo\Coders.Bay\codeigniter4-CodeIgniter4-202f41a\system\Database\BaseConnection.php(670): CodeIgniter\Database\MySQLi\Connection->execute('SELECT *\nFROM `...')
#2 C:\Users\codersbay\OneDrive\Du_Li_Jo\Coders.Bay\codeigniter4-CodeIgniter4-202f41a\system\Database\BaseConnection.php(598): CodeIgniter\Database\BaseConnection->simpleQuery('SELECT *\nFROM `...')
#3 C:\Users\codersbay\OneDrive\Du_Li_Jo\Coders.Bay\codeigniter4-CodeIgniter4-202f41a\system\Database\BaseBuilder.php(1455): CodeIgniter\Database\BaseConnection->query('SELECT *\nFROM `...', Array, false)
#4 C:\Users\codersbay\OneDrive\Du_Li_Jo\Coders.Bay\codeigniter4-CodeIgniter4-202f41a\system\Model.php(210): CodeIgniter\Database\BaseBuilder->get()
#5 C:\Users\codersbay\OneDrive\Du_Li_Jo\Coders.Bay\codeigniter4-CodeIgniter4-202f41a\system\BaseModel.php(622): CodeIgniter\Model->doFirst()
#6 C:\Users\codersbay\OneDrive\Du_Li_Jo\Coders.Bay\codeigniter4-CodeIgniter4-202f41a\app\Models\UsersModel.php(17): CodeIgniter\BaseModel->first()
#7 C:\Users\codersbay\OneDrive\Du_Li_Jo\Coders.Bay\codeigniter4-CodeIgniter4-202f41a\app\Controllers\Users.php(27): App\Models\UsersModel->getUser('eifrigerSpecht2...')
#8 C:\Users\codersbay\OneDrive\Du_Li_Jo\Coders.Bay\codeigniter4-CodeIgniter4-202f41a\system\CodeIgniter.php(832): App\Controllers\Users->view('eifrigerSpecht2...')
#9 C:\Users\codersbay\OneDrive\Du_Li_Jo\Coders.Bay\codeigniter4-CodeIgniter4-202f41a\system\CodeIgniter.php(419): CodeIgniter\CodeIgniter->runController(Object(App\Controllers\Users))
#10 C:\Users\codersbay\OneDrive\Du_Li_Jo\Coders.Bay\codeigniter4-CodeIgniter4-202f41a\system\CodeIgniter.php(326): CodeIgniter\CodeIgniter->handleRequest(NULL, Object(Config\Cache), false)
#11 C:\Users\codersbay\OneDrive\Du_Li_Jo\Coders.Bay\codeigniter4-CodeIgniter4-202f41a\public\index.php(37): CodeIgniter\CodeIgniter->run()
#12 C:\Users\codersbay\OneDrive\Du_Li_Jo\Coders.Bay\codeigniter4-CodeIgniter4-202f41a\system\Commands\Server\rewrite.php(43): require_once('C:\\Users\\coders...')
#13 {main}
ERROR - 2022-04-01 02:45:49 --> Unknown column 'slug' in 'where clause'
CRITICAL - 2022-04-01 02:45:49 --> Unknown column 'slug' in 'where clause'
#0 C:\Users\codersbay\OneDrive\Du_Li_Jo\Coders.Bay\codeigniter4-CodeIgniter4-202f41a\system\Database\MySQLi\Connection.php(292): mysqli->query('SELECT *\nFROM `...', 0)
#1 C:\Users\codersbay\OneDrive\Du_Li_Jo\Coders.Bay\codeigniter4-CodeIgniter4-202f41a\system\Database\BaseConnection.php(670): CodeIgniter\Database\MySQLi\Connection->execute('SELECT *\nFROM `...')
#2 C:\Users\codersbay\OneDrive\Du_Li_Jo\Coders.Bay\codeigniter4-CodeIgniter4-202f41a\system\Database\BaseConnection.php(598): CodeIgniter\Database\BaseConnection->simpleQuery('SELECT *\nFROM `...')
#3 C:\Users\codersbay\OneDrive\Du_Li_Jo\Coders.Bay\codeigniter4-CodeIgniter4-202f41a\system\Database\BaseBuilder.php(1455): CodeIgniter\Database\BaseConnection->query('SELECT *\nFROM `...', Array, false)
#4 C:\Users\codersbay\OneDrive\Du_Li_Jo\Coders.Bay\codeigniter4-CodeIgniter4-202f41a\system\Model.php(210): CodeIgniter\Database\BaseBuilder->get()
#5 C:\Users\codersbay\OneDrive\Du_Li_Jo\Coders.Bay\codeigniter4-CodeIgniter4-202f41a\system\BaseModel.php(622): CodeIgniter\Model->doFirst()
#6 C:\Users\codersbay\OneDrive\Du_Li_Jo\Coders.Bay\codeigniter4-CodeIgniter4-202f41a\app\Models\UsersModel.php(17): CodeIgniter\BaseModel->first()
#7 C:\Users\codersbay\OneDrive\Du_Li_Jo\Coders.Bay\codeigniter4-CodeIgniter4-202f41a\app\Controllers\Users.php(27): App\Models\UsersModel->getUser('eifrigerSpecht2...')
#8 C:\Users\codersbay\OneDrive\Du_Li_Jo\Coders.Bay\codeigniter4-CodeIgniter4-202f41a\system\CodeIgniter.php(832): App\Controllers\Users->view('eifrigerSpecht2...')
#9 C:\Users\codersbay\OneDrive\Du_Li_Jo\Coders.Bay\codeigniter4-CodeIgniter4-202f41a\system\CodeIgniter.php(419): CodeIgniter\CodeIgniter->runController(Object(App\Controllers\Users))
#10 C:\Users\codersbay\OneDrive\Du_Li_Jo\Coders.Bay\codeigniter4-CodeIgniter4-202f41a\system\CodeIgniter.php(326): CodeIgniter\CodeIgniter->handleRequest(NULL, Object(Config\Cache), false)
#11 C:\Users\codersbay\OneDrive\Du_Li_Jo\Coders.Bay\codeigniter4-CodeIgniter4-202f41a\public\index.php(37): CodeIgniter\CodeIgniter->run()
#12 C:\Users\codersbay\OneDrive\Du_Li_Jo\Coders.Bay\codeigniter4-CodeIgniter4-202f41a\system\Commands\Server\rewrite.php(43): require_once('C:\\Users\\coders...')
#13 {main}
ERROR - 2022-04-01 02:47:17 --> Unknown column 'slug' in 'where clause'
CRITICAL - 2022-04-01 02:47:17 --> Unknown column 'slug' in 'where clause'
#0 C:\Users\codersbay\OneDrive\Du_Li_Jo\Coders.Bay\codeigniter4-CodeIgniter4-202f41a\system\Database\MySQLi\Connection.php(292): mysqli->query('SELECT *\nFROM `...', 0)
#1 C:\Users\codersbay\OneDrive\Du_Li_Jo\Coders.Bay\codeigniter4-CodeIgniter4-202f41a\system\Database\BaseConnection.php(670): CodeIgniter\Database\MySQLi\Connection->execute('SELECT *\nFROM `...')
#2 C:\Users\codersbay\OneDrive\Du_Li_Jo\Coders.Bay\codeigniter4-CodeIgniter4-202f41a\system\Database\BaseConnection.php(598): CodeIgniter\Database\BaseConnection->simpleQuery('SELECT *\nFROM `...')
#3 C:\Users\codersbay\OneDrive\Du_Li_Jo\Coders.Bay\codeigniter4-CodeIgniter4-202f41a\system\Database\BaseBuilder.php(1455): CodeIgniter\Database\BaseConnection->query('SELECT *\nFROM `...', Array, false)
#4 C:\Users\codersbay\OneDrive\Du_Li_Jo\Coders.Bay\codeigniter4-CodeIgniter4-202f41a\system\Model.php(210): CodeIgniter\Database\BaseBuilder->get()
#5 C:\Users\codersbay\OneDrive\Du_Li_Jo\Coders.Bay\codeigniter4-CodeIgniter4-202f41a\system\BaseModel.php(622): CodeIgniter\Model->doFirst()
#6 C:\Users\codersbay\OneDrive\Du_Li_Jo\Coders.Bay\codeigniter4-CodeIgniter4-202f41a\app\Models\UsersModel.php(17): CodeIgniter\BaseModel->first()
#7 C:\Users\codersbay\OneDrive\Du_Li_Jo\Coders.Bay\codeigniter4-CodeIgniter4-202f41a\app\Controllers\Users.php(27): App\Models\UsersModel->getUser('eifrigerSpecht2...')
#8 C:\Users\codersbay\OneDrive\Du_Li_Jo\Coders.Bay\codeigniter4-CodeIgniter4-202f41a\system\CodeIgniter.php(832): App\Controllers\Users->view('eifrigerSpecht2...')
#9 C:\Users\codersbay\OneDrive\Du_Li_Jo\Coders.Bay\codeigniter4-CodeIgniter4-202f41a\system\CodeIgniter.php(419): CodeIgniter\CodeIgniter->runController(Object(App\Controllers\Users))
#10 C:\Users\codersbay\OneDrive\Du_Li_Jo\Coders.Bay\codeigniter4-CodeIgniter4-202f41a\system\CodeIgniter.php(326): CodeIgniter\CodeIgniter->handleRequest(NULL, Object(Config\Cache), false)
#11 C:\Users\codersbay\OneDrive\Du_Li_Jo\Coders.Bay\codeigniter4-CodeIgniter4-202f41a\public\index.php(37): CodeIgniter\CodeIgniter->run()
#12 C:\Users\codersbay\OneDrive\Du_Li_Jo\Coders.Bay\codeigniter4-CodeIgniter4-202f41a\system\Commands\Server\rewrite.php(43): require_once('C:\\Users\\coders...')
#13 {main}
ERROR - 2022-04-01 02:48:22 --> Unknown column 'slug' in 'where clause'
CRITICAL - 2022-04-01 02:48:22 --> Unknown column 'slug' in 'where clause'
#0 C:\Users\codersbay\OneDrive\Du_Li_Jo\Coders.Bay\codeigniter4-CodeIgniter4-202f41a\system\Database\MySQLi\Connection.php(292): mysqli->query('SELECT *\nFROM `...', 0)
#1 C:\Users\codersbay\OneDrive\Du_Li_Jo\Coders.Bay\codeigniter4-CodeIgniter4-202f41a\system\Database\BaseConnection.php(670): CodeIgniter\Database\MySQLi\Connection->execute('SELECT *\nFROM `...')
#2 C:\Users\codersbay\OneDrive\Du_Li_Jo\Coders.Bay\codeigniter4-CodeIgniter4-202f41a\system\Database\BaseConnection.php(598): CodeIgniter\Database\BaseConnection->simpleQuery('SELECT *\nFROM `...')
#3 C:\Users\codersbay\OneDrive\Du_Li_Jo\Coders.Bay\codeigniter4-CodeIgniter4-202f41a\system\Database\BaseBuilder.php(1455): CodeIgniter\Database\BaseConnection->query('SELECT *\nFROM `...', Array, false)
#4 C:\Users\codersbay\OneDrive\Du_Li_Jo\Coders.Bay\codeigniter4-CodeIgniter4-202f41a\system\Model.php(210): CodeIgniter\Database\BaseBuilder->get()
#5 C:\Users\codersbay\OneDrive\Du_Li_Jo\Coders.Bay\codeigniter4-CodeIgniter4-202f41a\system\BaseModel.php(622): CodeIgniter\Model->doFirst()
#6 C:\Users\codersbay\OneDrive\Du_Li_Jo\Coders.Bay\codeigniter4-CodeIgniter4-202f41a\app\Models\UsersModel.php(17): CodeIgniter\BaseModel->first()
#7 C:\Users\codersbay\OneDrive\Du_Li_Jo\Coders.Bay\codeigniter4-CodeIgniter4-202f41a\app\Controllers\Users.php(27): App\Models\UsersModel->getUser('eifrigerSpecht2...')
#8 C:\Users\codersbay\OneDrive\Du_Li_Jo\Coders.Bay\codeigniter4-CodeIgniter4-202f41a\system\CodeIgniter.php(832): App\Controllers\Users->view('eifrigerSpecht2...')
#9 C:\Users\codersbay\OneDrive\Du_Li_Jo\Coders.Bay\codeigniter4-CodeIgniter4-202f41a\system\CodeIgniter.php(419): CodeIgniter\CodeIgniter->runController(Object(App\Controllers\Users))
#10 C:\Users\codersbay\OneDrive\Du_Li_Jo\Coders.Bay\codeigniter4-CodeIgniter4-202f41a\system\CodeIgniter.php(326): CodeIgniter\CodeIgniter->handleRequest(NULL, Object(Config\Cache), false)
#11 C:\Users\codersbay\OneDrive\Du_Li_Jo\Coders.Bay\codeigniter4-CodeIgniter4-202f41a\public\index.php(37): CodeIgniter\CodeIgniter->run()
#12 C:\Users\codersbay\OneDrive\Du_Li_Jo\Coders.Bay\codeigniter4-CodeIgniter4-202f41a\system\Commands\Server\rewrite.php(43): require_once('C:\\Users\\coders...')
#13 {main}
ERROR - 2022-04-01 02:49:32 --> Unknown column 'slug' in 'where clause'
CRITICAL - 2022-04-01 02:49:32 --> Unknown column 'slug' in 'where clause'
#0 C:\Users\codersbay\OneDrive\Du_Li_Jo\Coders.Bay\codeigniter4-CodeIgniter4-202f41a\system\Database\MySQLi\Connection.php(292): mysqli->query('SELECT *\nFROM `...', 0)
#1 C:\Users\codersbay\OneDrive\Du_Li_Jo\Coders.Bay\codeigniter4-CodeIgniter4-202f41a\system\Database\BaseConnection.php(670): CodeIgniter\Database\MySQLi\Connection->execute('SELECT *\nFROM `...')
#2 C:\Users\codersbay\OneDrive\Du_Li_Jo\Coders.Bay\codeigniter4-CodeIgniter4-202f41a\system\Database\BaseConnection.php(598): CodeIgniter\Database\BaseConnection->simpleQuery('SELECT *\nFROM `...')
#3 C:\Users\codersbay\OneDrive\Du_Li_Jo\Coders.Bay\codeigniter4-CodeIgniter4-202f41a\system\Database\BaseBuilder.php(1455): CodeIgniter\Database\BaseConnection->query('SELECT *\nFROM `...', Array, false)
#4 C:\Users\codersbay\OneDrive\Du_Li_Jo\Coders.Bay\codeigniter4-CodeIgniter4-202f41a\system\Model.php(210): CodeIgniter\Database\BaseBuilder->get()
#5 C:\Users\codersbay\OneDrive\Du_Li_Jo\Coders.Bay\codeigniter4-CodeIgniter4-202f41a\system\BaseModel.php(622): CodeIgniter\Model->doFirst()
#6 C:\Users\codersbay\OneDrive\Du_Li_Jo\Coders.Bay\codeigniter4-CodeIgniter4-202f41a\app\Models\UsersModel.php(17): CodeIgniter\BaseModel->first()
#7 C:\Users\codersbay\OneDrive\Du_Li_Jo\Coders.Bay\codeigniter4-CodeIgniter4-202f41a\app\Controllers\Users.php(27): App\Models\UsersModel->getUser('eifrigerSpecht2...')
#8 C:\Users\codersbay\OneDrive\Du_Li_Jo\Coders.Bay\codeigniter4-CodeIgniter4-202f41a\system\CodeIgniter.php(832): App\Controllers\Users->view('eifrigerSpecht2...')
#9 C:\Users\codersbay\OneDrive\Du_Li_Jo\Coders.Bay\codeigniter4-CodeIgniter4-202f41a\system\CodeIgniter.php(419): CodeIgniter\CodeIgniter->runController(Object(App\Controllers\Users))
#10 C:\Users\codersbay\OneDrive\Du_Li_Jo\Coders.Bay\codeigniter4-CodeIgniter4-202f41a\system\CodeIgniter.php(326): CodeIgniter\CodeIgniter->handleRequest(NULL, Object(Config\Cache), false)
#11 C:\Users\codersbay\OneDrive\Du_Li_Jo\Coders.Bay\codeigniter4-CodeIgniter4-202f41a\public\index.php(37): CodeIgniter\CodeIgniter->run()
#12 C:\Users\codersbay\OneDrive\Du_Li_Jo\Coders.Bay\codeigniter4-CodeIgniter4-202f41a\system\Commands\Server\rewrite.php(43): require_once('C:\\Users\\coders...')
#13 {main}
CRITICAL - 2022-04-01 02:50:08 --> Undefined array key "title"
#0 C:\Users\codersbay\OneDrive\Du_Li_Jo\Coders.Bay\codeigniter4-CodeIgniter4-202f41a\app\Controllers\Users.php(33): CodeIgniter\Debug\Exceptions->errorHandler(2, 'Undefined array...', 'C:\\Users\\coders...', 33)
#1 C:\Users\codersbay\OneDrive\Du_Li_Jo\Coders.Bay\codeigniter4-CodeIgniter4-202f41a\system\CodeIgniter.php(832): App\Controllers\Users->view('eifrigerSpecht2...')
#2 C:\Users\codersbay\OneDrive\Du_Li_Jo\Coders.Bay\codeigniter4-CodeIgniter4-202f41a\system\CodeIgniter.php(419): CodeIgniter\CodeIgniter->runController(Object(App\Controllers\Users))
#3 C:\Users\codersbay\OneDrive\Du_Li_Jo\Coders.Bay\codeigniter4-CodeIgniter4-202f41a\system\CodeIgniter.php(326): CodeIgniter\CodeIgniter->handleRequest(NULL, Object(Config\Cache), false)
#4 C:\Users\codersbay\OneDrive\Du_Li_Jo\Coders.Bay\codeigniter4-CodeIgniter4-202f41a\public\index.php(37): CodeIgniter\CodeIgniter->run()
#5 C:\Users\codersbay\OneDrive\Du_Li_Jo\Coders.Bay\codeigniter4-CodeIgniter4-202f41a\system\Commands\Server\rewrite.php(43): require_once('C:\\Users\\coders...')
#6 {main}
CRITICAL - 2022-04-01 02:50:48 --> Undefined array key "title"
#0 C:\Users\codersbay\OneDrive\Du_Li_Jo\Coders.Bay\codeigniter4-CodeIgniter4-202f41a\app\Controllers\Users.php(33): CodeIgniter\Debug\Exceptions->errorHandler(2, 'Undefined array...', 'C:\\Users\\coders...', 33)
#1 C:\Users\codersbay\OneDrive\Du_Li_Jo\Coders.Bay\codeigniter4-CodeIgniter4-202f41a\system\CodeIgniter.php(832): App\Controllers\Users->view('eifrigerSpecht2...')
#2 C:\Users\codersbay\OneDrive\Du_Li_Jo\Coders.Bay\codeigniter4-CodeIgniter4-202f41a\system\CodeIgniter.php(419): CodeIgniter\CodeIgniter->runController(Object(App\Controllers\Users))
#3 C:\Users\codersbay\OneDrive\Du_Li_Jo\Coders.Bay\codeigniter4-CodeIgniter4-202f41a\system\CodeIgniter.php(326): CodeIgniter\CodeIgniter->handleRequest(NULL, Object(Config\Cache), false)
#4 C:\Users\codersbay\OneDrive\Du_Li_Jo\Coders.Bay\codeigniter4-CodeIgniter4-202f41a\public\index.php(37): CodeIgniter\CodeIgniter->run()
#5 C:\Users\codersbay\OneDrive\Du_Li_Jo\Coders.Bay\codeigniter4-CodeIgniter4-202f41a\system\Commands\Server\rewrite.php(43): require_once('C:\\Users\\coders...')
#6 {main}
CRITICAL - 2022-04-01 02:50:52 --> Undefined array key "body"
#0 C:\Users\codersbay\OneDrive\Du_Li_Jo\Coders.Bay\codeigniter4-CodeIgniter4-202f41a\app\Views\user\view.php(2): CodeIgniter\Debug\Exceptions->errorHandler(2, 'Undefined array...', 'C:\\Users\\coders...', 2)
#1 C:\Users\codersbay\OneDrive\Du_Li_Jo\Coders.Bay\codeigniter4-CodeIgniter4-202f41a\system\View\View.php(210): include('C:\\Users\\coders...')
#2 C:\Users\codersbay\OneDrive\Du_Li_Jo\Coders.Bay\codeigniter4-CodeIgniter4-202f41a\system\View\View.php(213): CodeIgniter\View\View->CodeIgniter\View\{closure}()
#3 C:\Users\codersbay\OneDrive\Du_Li_Jo\Coders.Bay\codeigniter4-CodeIgniter4-202f41a\system\Common.php(1089): CodeIgniter\View\View->render('user/view', Array, true)
#4 C:\Users\codersbay\OneDrive\Du_Li_Jo\Coders.Bay\codeigniter4-CodeIgniter4-202f41a\app\Controllers\Users.php(36): view('user/view', Array)
#5 C:\Users\codersbay\OneDrive\Du_Li_Jo\Coders.Bay\codeigniter4-CodeIgniter4-202f41a\system\CodeIgniter.php(832): App\Controllers\Users->view('eifrigerSpecht2...')
#6 C:\Users\codersbay\OneDrive\Du_Li_Jo\Coders.Bay\codeigniter4-CodeIgniter4-202f41a\system\CodeIgniter.php(419): CodeIgniter\CodeIgniter->runController(Object(App\Controllers\Users))
#7 C:\Users\codersbay\OneDrive\Du_Li_Jo\Coders.Bay\codeigniter4-CodeIgniter4-202f41a\system\CodeIgniter.php(326): CodeIgniter\CodeIgniter->handleRequest(NULL, Object(Config\Cache), false)
#8 C:\Users\codersbay\OneDrive\Du_Li_Jo\Coders.Bay\codeigniter4-CodeIgniter4-202f41a\public\index.php(37): CodeIgniter\CodeIgniter->run()
#9 C:\Users\codersbay\OneDrive\Du_Li_Jo\Coders.Bay\codeigniter4-CodeIgniter4-202f41a\system\Commands\Server\rewrite.php(43): require_once('C:\\Users\\coders...')
#10 {main}
CRITICAL - 2022-04-01 02:51:28 --> Undefined variable $profile
#0 C:\Users\codersbay\OneDrive\Du_Li_Jo\Coders.Bay\codeigniter4-CodeIgniter4-202f41a\app\Views\user\view.php(39): CodeIgniter\Debug\Exceptions->errorHandler(2, 'Undefined varia...', 'C:\\Users\\coders...', 39)
#1 C:\Users\codersbay\OneDrive\Du_Li_Jo\Coders.Bay\codeigniter4-CodeIgniter4-202f41a\system\View\View.php(210): include('C:\\Users\\coders...')
#2 C:\Users\codersbay\OneDrive\Du_Li_Jo\Coders.Bay\codeigniter4-CodeIgniter4-202f41a\system\View\View.php(213): CodeIgniter\View\View->CodeIgniter\View\{closure}()
#3 C:\Users\codersbay\OneDrive\Du_Li_Jo\Coders.Bay\codeigniter4-CodeIgniter4-202f41a\system\Common.php(1089): CodeIgniter\View\View->render('user/view', Array, true)
#4 C:\Users\codersbay\OneDrive\Du_Li_Jo\Coders.Bay\codeigniter4-CodeIgniter4-202f41a\app\Controllers\Users.php(36): view('user/view', Array)
#5 C:\Users\codersbay\OneDrive\Du_Li_Jo\Coders.Bay\codeigniter4-CodeIgniter4-202f41a\system\CodeIgniter.php(832): App\Controllers\Users->view('eifrigerSpecht2...')
#6 C:\Users\codersbay\OneDrive\Du_Li_Jo\Coders.Bay\codeigniter4-CodeIgniter4-202f41a\system\CodeIgniter.php(419): CodeIgniter\CodeIgniter->runController(Object(App\Controllers\Users))
#7 C:\Users\codersbay\OneDrive\Du_Li_Jo\Coders.Bay\codeigniter4-CodeIgniter4-202f41a\system\CodeIgniter.php(326): CodeIgniter\CodeIgniter->handleRequest(NULL, Object(Config\Cache), false)
#8 C:\Users\codersbay\OneDrive\Du_Li_Jo\Coders.Bay\codeigniter4-CodeIgniter4-202f41a\public\index.php(37): CodeIgniter\CodeIgniter->run()
#9 C:\Users\codersbay\OneDrive\Du_Li_Jo\Coders.Bay\codeigniter4-CodeIgniter4-202f41a\system\Commands\Server\rewrite.php(43): require_once('C:\\Users\\coders...')
#10 {main}
CRITICAL - 2022-04-01 02:53:04 --> Undefined array key "skills"
#0 C:\Users\codersbay\OneDrive\Du_Li_Jo\Coders.Bay\codeigniter4-CodeIgniter4-202f41a\app\Views\user\view.php(55): CodeIgniter\Debug\Exceptions->errorHandler(2, 'Undefined array...', 'C:\\Users\\coders...', 55)
#1 C:\Users\codersbay\OneDrive\Du_Li_Jo\Coders.Bay\codeigniter4-CodeIgniter4-202f41a\system\View\View.php(210): include('C:\\Users\\coders...')
#2 C:\Users\codersbay\OneDrive\Du_Li_Jo\Coders.Bay\codeigniter4-CodeIgniter4-202f41a\system\View\View.php(213): CodeIgniter\View\View->CodeIgniter\View\{closure}()
#3 C:\Users\codersbay\OneDrive\Du_Li_Jo\Coders.Bay\codeigniter4-CodeIgniter4-202f41a\system\Common.php(1089): CodeIgniter\View\View->render('user/view', Array, true)
#4 C:\Users\codersbay\OneDrive\Du_Li_Jo\Coders.Bay\codeigniter4-CodeIgniter4-202f41a\app\Controllers\Users.php(36): view('user/view', Array)
#5 C:\Users\codersbay\OneDrive\Du_Li_Jo\Coders.Bay\codeigniter4-CodeIgniter4-202f41a\system\CodeIgniter.php(832): App\Controllers\Users->view('eifrigerSpecht2...')
#6 C:\Users\codersbay\OneDrive\Du_Li_Jo\Coders.Bay\codeigniter4-CodeIgniter4-202f41a\system\CodeIgniter.php(419): CodeIgniter\CodeIgniter->runController(Object(App\Controllers\Users))
#7 C:\Users\codersbay\OneDrive\Du_Li_Jo\Coders.Bay\codeigniter4-CodeIgniter4-202f41a\system\CodeIgniter.php(326): CodeIgniter\CodeIgniter->handleRequest(NULL, Object(Config\Cache), false)
#8 C:\Users\codersbay\OneDrive\Du_Li_Jo\Coders.Bay\codeigniter4-CodeIgniter4-202f41a\public\index.php(37): CodeIgniter\CodeIgniter->run()
#9 C:\Users\codersbay\OneDrive\Du_Li_Jo\Coders.Bay\codeigniter4-CodeIgniter4-202f41a\system\Commands\Server\rewrite.php(43): require_once('C:\\Users\\coders...')
#10 {main}
CRITICAL - 2022-04-01 02:54:05 --> Undefined array key "skills"
#0 C:\Users\codersbay\OneDrive\Du_Li_Jo\Coders.Bay\codeigniter4-CodeIgniter4-202f41a\app\Views\user\view.php(55): CodeIgniter\Debug\Exceptions->errorHandler(2, 'Undefined array...', 'C:\\Users\\coders...', 55)
#1 C:\Users\codersbay\OneDrive\Du_Li_Jo\Coders.Bay\codeigniter4-CodeIgniter4-202f41a\system\View\View.php(210): include('C:\\Users\\coders...')
#2 C:\Users\codersbay\OneDrive\Du_Li_Jo\Coders.Bay\codeigniter4-CodeIgniter4-202f41a\system\View\View.php(213): CodeIgniter\View\View->CodeIgniter\View\{closure}()
#3 C:\Users\codersbay\OneDrive\Du_Li_Jo\Coders.Bay\codeigniter4-CodeIgniter4-202f41a\system\Common.php(1089): CodeIgniter\View\View->render('user/view', Array, true)
#4 C:\Users\codersbay\OneDrive\Du_Li_Jo\Coders.Bay\codeigniter4-CodeIgniter4-202f41a\app\Controllers\Users.php(36): view('user/view', Array)
#5 C:\Users\codersbay\OneDrive\Du_Li_Jo\Coders.Bay\codeigniter4-CodeIgniter4-202f41a\system\CodeIgniter.php(832): App\Controllers\Users->view('eifrigerSpecht2...')
#6 C:\Users\codersbay\OneDrive\Du_Li_Jo\Coders.Bay\codeigniter4-CodeIgniter4-202f41a\system\CodeIgniter.php(419): CodeIgniter\CodeIgniter->runController(Object(App\Controllers\Users))
#7 C:\Users\codersbay\OneDrive\Du_Li_Jo\Coders.Bay\codeigniter4-CodeIgniter4-202f41a\system\CodeIgniter.php(326): CodeIgniter\CodeIgniter->handleRequest(NULL, Object(Config\Cache), false)
#8 C:\Users\codersbay\OneDrive\Du_Li_Jo\Coders.Bay\codeigniter4-CodeIgniter4-202f41a\public\index.php(37): CodeIgniter\CodeIgniter->run()
#9 C:\Users\codersbay\OneDrive\Du_Li_Jo\Coders.Bay\codeigniter4-CodeIgniter4-202f41a\system\Commands\Server\rewrite.php(43): require_once('C:\\Users\\coders...')
#10 {main}
CRITICAL - 2022-04-01 02:55:54 --> Undefined variable $profile
#0 C:\Users\codersbay\OneDrive\Du_Li_Jo\Coders.Bay\codeigniter4-CodeIgniter4-202f41a\app\Views\user\view.php(99): CodeIgniter\Debug\Exceptions->errorHandler(2, 'Undefined varia...', 'C:\\Users\\coders...', 99)
#1 C:\Users\codersbay\OneDrive\Du_Li_Jo\Coders.Bay\codeigniter4-CodeIgniter4-202f41a\system\View\View.php(210): include('C:\\Users\\coders...')
#2 C:\Users\codersbay\OneDrive\Du_Li_Jo\Coders.Bay\codeigniter4-CodeIgniter4-202f41a\system\View\View.php(213): CodeIgniter\View\View->CodeIgniter\View\{closure}()
#3 C:\Users\codersbay\OneDrive\Du_Li_Jo\Coders.Bay\codeigniter4-CodeIgniter4-202f41a\system\Common.php(1089): CodeIgniter\View\View->render('user/view', Array, true)
#4 C:\Users\codersbay\OneDrive\Du_Li_Jo\Coders.Bay\codeigniter4-CodeIgniter4-202f41a\app\Controllers\Users.php(36): view('user/view', Array)
#5 C:\Users\codersbay\OneDrive\Du_Li_Jo\Coders.Bay\codeigniter4-CodeIgniter4-202f41a\system\CodeIgniter.php(832): App\Controllers\Users->view('eifrigerSpecht2...')
#6 C:\Users\codersbay\OneDrive\Du_Li_Jo\Coders.Bay\codeigniter4-CodeIgniter4-202f41a\system\CodeIgniter.php(419): CodeIgniter\CodeIgniter->runController(Object(App\Controllers\Users))
#7 C:\Users\codersbay\OneDrive\Du_Li_Jo\Coders.Bay\codeigniter4-CodeIgniter4-202f41a\system\CodeIgniter.php(326): CodeIgniter\CodeIgniter->handleRequest(NULL, Object(Config\Cache), false)
#8 C:\Users\codersbay\OneDrive\Du_Li_Jo\Coders.Bay\codeigniter4-CodeIgniter4-202f41a\public\index.php(37): CodeIgniter\CodeIgniter->run()
#9 C:\Users\codersbay\OneDrive\Du_Li_Jo\Coders.Bay\codeigniter4-CodeIgniter4-202f41a\system\Commands\Server\rewrite.php(43): require_once('C:\\Users\\coders...')
#10 {main}
CRITICAL - 2022-04-01 03:01:56 --> Undefined variable $profile
#0 C:\Users\codersbay\OneDrive\Du_Li_Jo\Coders.Bay\codeigniter4-CodeIgniter4-202f41a\app\Views\dashboard.php(58): CodeIgniter\Debug\Exceptions->errorHandler(2, 'Undefined varia...', 'C:\\Users\\coders...', 58)
#1 C:\Users\codersbay\OneDrive\Du_Li_Jo\Coders.Bay\codeigniter4-CodeIgniter4-202f41a\system\View\View.php(210): include('C:\\Users\\coders...')
#2 C:\Users\codersbay\OneDrive\Du_Li_Jo\Coders.Bay\codeigniter4-CodeIgniter4-202f41a\system\View\View.php(213): CodeIgniter\View\View->CodeIgniter\View\{closure}()
#3 C:\Users\codersbay\OneDrive\Du_Li_Jo\Coders.Bay\codeigniter4-CodeIgniter4-202f41a\system\Common.php(1089): CodeIgniter\View\View->render('dashboard', Array, true)
#4 C:\Users\codersbay\OneDrive\Du_Li_Jo\Coders.Bay\codeigniter4-CodeIgniter4-202f41a\app\Controllers\Home.php(9): view('dashboard')
#5 C:\Users\codersbay\OneDrive\Du_Li_Jo\Coders.Bay\codeigniter4-CodeIgniter4-202f41a\system\CodeIgniter.php(832): App\Controllers\Home->index()
#6 C:\Users\codersbay\OneDrive\Du_Li_Jo\Coders.Bay\codeigniter4-CodeIgniter4-202f41a\system\CodeIgniter.php(419): CodeIgniter\CodeIgniter->runController(Object(App\Controllers\Home))
#7 C:\Users\codersbay\OneDrive\Du_Li_Jo\Coders.Bay\codeigniter4-CodeIgniter4-202f41a\system\CodeIgniter.php(326): CodeIgniter\CodeIgniter->handleRequest(NULL, Object(Config\Cache), false)
#8 C:\Users\codersbay\OneDrive\Du_Li_Jo\Coders.Bay\codeigniter4-CodeIgniter4-202f41a\public\index.php(37): CodeIgniter\CodeIgniter->run()
#9 C:\Users\codersbay\OneDrive\Du_Li_Jo\Coders.Bay\codeigniter4-CodeIgniter4-202f41a\system\Commands\Server\rewrite.php(43): require_once('C:\\Users\\coders...')
#10 {main}
CRITICAL - 2022-04-01 03:31:49 --> Undefined constant "App\Controllers\UsernameCreator"
#0 C:\Users\codersbay\OneDrive\Du_Li_Jo\Coders.Bay\codeigniter4-CodeIgniter4-202f41a\system\CodeIgniter.php(832): App\Controllers\Users->create()
#1 C:\Users\codersbay\OneDrive\Du_Li_Jo\Coders.Bay\codeigniter4-CodeIgniter4-202f41a\system\CodeIgniter.php(419): CodeIgniter\CodeIgniter->runController(Object(App\Controllers\Users))
#2 C:\Users\codersbay\OneDrive\Du_Li_Jo\Coders.Bay\codeigniter4-CodeIgniter4-202f41a\system\CodeIgniter.php(326): CodeIgniter\CodeIgniter->handleRequest(NULL, Object(Config\Cache), false)
#3 C:\Users\codersbay\OneDrive\Du_Li_Jo\Coders.Bay\codeigniter4-CodeIgniter4-202f41a\public\index.php(37): CodeIgniter\CodeIgniter->run()
#4 C:\Users\codersbay\OneDrive\Du_Li_Jo\Coders.Bay\codeigniter4-CodeIgniter4-202f41a\system\Commands\Server\rewrite.php(43): require_once('C:\\Users\\coders...')
#5 {main}
CRITICAL - 2022-04-01 03:33:29 --> Class "App\Controllers\UsernameCreator" not found
#0 C:\Users\codersbay\OneDrive\Du_Li_Jo\Coders.Bay\codeigniter4-CodeIgniter4-202f41a\system\CodeIgniter.php(832): App\Controllers\Users->create()
#1 C:\Users\codersbay\OneDrive\Du_Li_Jo\Coders.Bay\codeigniter4-CodeIgniter4-202f41a\system\CodeIgniter.php(419): CodeIgniter\CodeIgniter->runController(Object(App\Controllers\Users))
#2 C:\Users\codersbay\OneDrive\Du_Li_Jo\Coders.Bay\codeigniter4-CodeIgniter4-202f41a\system\CodeIgniter.php(326): CodeIgniter\CodeIgniter->handleRequest(NULL, Object(Config\Cache), false)
#3 C:\Users\codersbay\OneDrive\Du_Li_Jo\Coders.Bay\codeigniter4-CodeIgniter4-202f41a\public\index.php(37): CodeIgniter\CodeIgniter->run()
#4 C:\Users\codersbay\OneDrive\Du_Li_Jo\Coders.Bay\codeigniter4-CodeIgniter4-202f41a\system\Commands\Server\rewrite.php(43): require_once('C:\\Users\\coders...')
#5 {main}
CRITICAL - 2022-04-01 03:33:47 --> Class "App\Controllers\UsernameCreator" not found
#0 C:\Users\codersbay\OneDrive\Du_Li_Jo\Coders.Bay\codeigniter4-CodeIgniter4-202f41a\system\CodeIgniter.php(832): App\Controllers\Users->create()
#1 C:\Users\codersbay\OneDrive\Du_Li_Jo\Coders.Bay\codeigniter4-CodeIgniter4-202f41a\system\CodeIgniter.php(419): CodeIgniter\CodeIgniter->runController(Object(App\Controllers\Users))
#2 C:\Users\codersbay\OneDrive\Du_Li_Jo\Coders.Bay\codeigniter4-CodeIgniter4-202f41a\system\CodeIgniter.php(326): CodeIgniter\CodeIgniter->handleRequest(NULL, Object(Config\Cache), false)
#3 C:\Users\codersbay\OneDrive\Du_Li_Jo\Coders.Bay\codeigniter4-CodeIgniter4-202f41a\public\index.php(37): CodeIgniter\CodeIgniter->run()
#4 C:\Users\codersbay\OneDrive\Du_Li_Jo\Coders.Bay\codeigniter4-CodeIgniter4-202f41a\system\Commands\Server\rewrite.php(43): require_once('C:\\Users\\coders...')
#5 {main}
CRITICAL - 2022-04-01 03:33:56 --> Class "App\Controllers\UsernameCreator" not found
#0 C:\Users\codersbay\OneDrive\Du_Li_Jo\Coders.Bay\codeigniter4-CodeIgniter4-202f41a\system\CodeIgniter.php(832): App\Controllers\Users->create()
#1 C:\Users\codersbay\OneDrive\Du_Li_Jo\Coders.Bay\codeigniter4-CodeIgniter4-202f41a\system\CodeIgniter.php(419): CodeIgniter\CodeIgniter->runController(Object(App\Controllers\Users))
#2 C:\Users\codersbay\OneDrive\Du_Li_Jo\Coders.Bay\codeigniter4-CodeIgniter4-202f41a\system\CodeIgniter.php(326): CodeIgniter\CodeIgniter->handleRequest(NULL, Object(Config\Cache), false)
#3 C:\Users\codersbay\OneDrive\Du_Li_Jo\Coders.Bay\codeigniter4-CodeIgniter4-202f41a\public\index.php(37): CodeIgniter\CodeIgniter->run()
#4 C:\Users\codersbay\OneDrive\Du_Li_Jo\Coders.Bay\codeigniter4-CodeIgniter4-202f41a\system\Commands\Server\rewrite.php(43): require_once('C:\\Users\\coders...')
#5 {main}
CRITICAL - 2022-04-01 03:34:05 --> Class "App\Controllers\UsernameCreator" not found
#0 C:\Users\codersbay\OneDrive\Du_Li_Jo\Coders.Bay\codeigniter4-CodeIgniter4-202f41a\system\CodeIgniter.php(832): App\Controllers\Users->create()
#1 C:\Users\codersbay\OneDrive\Du_Li_Jo\Coders.Bay\codeigniter4-CodeIgniter4-202f41a\system\CodeIgniter.php(419): CodeIgniter\CodeIgniter->runController(Object(App\Controllers\Users))
#2 C:\Users\codersbay\OneDrive\Du_Li_Jo\Coders.Bay\codeigniter4-CodeIgniter4-202f41a\system\CodeIgniter.php(326): CodeIgniter\CodeIgniter->handleRequest(NULL, Object(Config\Cache), false)
#3 C:\Users\codersbay\OneDrive\Du_Li_Jo\Coders.Bay\codeigniter4-CodeIgniter4-202f41a\public\index.php(37): CodeIgniter\CodeIgniter->run()
#4 C:\Users\codersbay\OneDrive\Du_Li_Jo\Coders.Bay\codeigniter4-CodeIgniter4-202f41a\system\Commands\Server\rewrite.php(43): require_once('C:\\Users\\coders...')
#5 {main}
CRITICAL - 2022-04-01 03:36:49 --> include(./Helpers/UsernameCreator): Failed to open stream: No such file or directory
#0 C:\Users\codersbay\OneDrive\Du_Li_Jo\Coders.Bay\codeigniter4-CodeIgniter4-202f41a\app\Controllers\Users.php(42): CodeIgniter\Debug\Exceptions->errorHandler(2, 'include(./Helpe...', 'C:\\Users\\coders...', 42)
#1 C:\Users\codersbay\OneDrive\Du_Li_Jo\Coders.Bay\codeigniter4-CodeIgniter4-202f41a\app\Controllers\Users.php(42): include()
#2 C:\Users\codersbay\OneDrive\Du_Li_Jo\Coders.Bay\codeigniter4-CodeIgniter4-202f41a\system\CodeIgniter.php(832): App\Controllers\Users->create()
#3 C:\Users\codersbay\OneDrive\Du_Li_Jo\Coders.Bay\codeigniter4-CodeIgniter4-202f41a\system\CodeIgniter.php(419): CodeIgniter\CodeIgniter->runController(Object(App\Controllers\Users))
#4 C:\Users\codersbay\OneDrive\Du_Li_Jo\Coders.Bay\codeigniter4-CodeIgniter4-202f41a\system\CodeIgniter.php(326): CodeIgniter\CodeIgniter->handleRequest(NULL, Object(Config\Cache), false)
#5 C:\Users\codersbay\OneDrive\Du_Li_Jo\Coders.Bay\codeigniter4-CodeIgniter4-202f41a\public\index.php(37): CodeIgniter\CodeIgniter->run()
#6 C:\Users\codersbay\OneDrive\Du_Li_Jo\Coders.Bay\codeigniter4-CodeIgniter4-202f41a\system\Commands\Server\rewrite.php(43): require_once('C:\\Users\\coders...')
#7 {main}
CRITICAL - 2022-04-01 03:37:06 --> include(../Helpers/UsernameCreator): Failed to open stream: No such file or directory
#0 C:\Users\codersbay\OneDrive\Du_Li_Jo\Coders.Bay\codeigniter4-CodeIgniter4-202f41a\app\Controllers\Users.php(42): CodeIgniter\Debug\Exceptions->errorHandler(2, 'include(../Help...', 'C:\\Users\\coders...', 42)
#1 C:\Users\codersbay\OneDrive\Du_Li_Jo\Coders.Bay\codeigniter4-CodeIgniter4-202f41a\app\Controllers\Users.php(42): include()
#2 C:\Users\codersbay\OneDrive\Du_Li_Jo\Coders.Bay\codeigniter4-CodeIgniter4-202f41a\system\CodeIgniter.php(832): App\Controllers\Users->create()
#3 C:\Users\codersbay\OneDrive\Du_Li_Jo\Coders.Bay\codeigniter4-CodeIgniter4-202f41a\system\CodeIgniter.php(419): CodeIgniter\CodeIgniter->runController(Object(App\Controllers\Users))
#4 C:\Users\codersbay\OneDrive\Du_Li_Jo\Coders.Bay\codeigniter4-CodeIgniter4-202f41a\system\CodeIgniter.php(326): CodeIgniter\CodeIgniter->handleRequest(NULL, Object(Config\Cache), false)
#5 C:\Users\codersbay\OneDrive\Du_Li_Jo\Coders.Bay\codeigniter4-CodeIgniter4-202f41a\public\index.php(37): CodeIgniter\CodeIgniter->run()
#6 C:\Users\codersbay\OneDrive\Du_Li_Jo\Coders.Bay\codeigniter4-CodeIgniter4-202f41a\system\Commands\Server\rewrite.php(43): require_once('C:\\Users\\coders...')
#7 {main}
CRITICAL - 2022-04-01 03:38:07 --> include(../Helpers/UsernameCreator.php): Failed to open stream: No such file or directory
#0 C:\Users\codersbay\OneDrive\Du_Li_Jo\Coders.Bay\codeigniter4-CodeIgniter4-202f41a\app\Controllers\Users.php(42): CodeIgniter\Debug\Exceptions->errorHandler(2, 'include(../Help...', 'C:\\Users\\coders...', 42)
#1 C:\Users\codersbay\OneDrive\Du_Li_Jo\Coders.Bay\codeigniter4-CodeIgniter4-202f41a\app\Controllers\Users.php(42): include()
#2 C:\Users\codersbay\OneDrive\Du_Li_Jo\Coders.Bay\codeigniter4-CodeIgniter4-202f41a\system\CodeIgniter.php(832): App\Controllers\Users->create()
#3 C:\Users\codersbay\OneDrive\Du_Li_Jo\Coders.Bay\codeigniter4-CodeIgniter4-202f41a\system\CodeIgniter.php(419): CodeIgniter\CodeIgniter->runController(Object(App\Controllers\Users))
#4 C:\Users\codersbay\OneDrive\Du_Li_Jo\Coders.Bay\codeigniter4-CodeIgniter4-202f41a\system\CodeIgniter.php(326): CodeIgniter\CodeIgniter->handleRequest(NULL, Object(Config\Cache), false)
#5 C:\Users\codersbay\OneDrive\Du_Li_Jo\Coders.Bay\codeigniter4-CodeIgniter4-202f41a\public\index.php(37): CodeIgniter\CodeIgniter->run()
#6 C:\Users\codersbay\OneDrive\Du_Li_Jo\Coders.Bay\codeigniter4-CodeIgniter4-202f41a\system\Commands\Server\rewrite.php(43): require_once('C:\\Users\\coders...')
#7 {main}
CRITICAL - 2022-04-01 03:38:58 --> Class "App\Controllers\UsernameCreator" not found
#0 C:\Users\codersbay\OneDrive\Du_Li_Jo\Coders.Bay\codeigniter4-CodeIgniter4-202f41a\system\CodeIgniter.php(832): App\Controllers\Users->create()
#1 C:\Users\codersbay\OneDrive\Du_Li_Jo\Coders.Bay\codeigniter4-CodeIgniter4-202f41a\system\CodeIgniter.php(419): CodeIgniter\CodeIgniter->runController(Object(App\Controllers\Users))
#2 C:\Users\codersbay\OneDrive\Du_Li_Jo\Coders.Bay\codeigniter4-CodeIgniter4-202f41a\system\CodeIgniter.php(326): CodeIgniter\CodeIgniter->handleRequest(NULL, Object(Config\Cache), false)
#3 C:\Users\codersbay\OneDrive\Du_Li_Jo\Coders.Bay\codeigniter4-CodeIgniter4-202f41a\public\index.php(37): CodeIgniter\CodeIgniter->run()
#4 C:\Users\codersbay\OneDrive\Du_Li_Jo\Coders.Bay\codeigniter4-CodeIgniter4-202f41a\system\Commands\Server\rewrite.php(43): require_once('C:\\Users\\coders...')
#5 {main}
CRITICAL - 2022-04-01 03:40:58 --> Class "UsernameCreator" not found
#0 C:\Users\codersbay\OneDrive\Du_Li_Jo\Coders.Bay\codeigniter4-CodeIgniter4-202f41a\app\Controllers\Users.php(42): include()
#1 C:\Users\codersbay\OneDrive\Du_Li_Jo\Coders.Bay\codeigniter4-CodeIgniter4-202f41a\system\CodeIgniter.php(832): App\Controllers\Users->create()
#2 C:\Users\codersbay\OneDrive\Du_Li_Jo\Coders.Bay\codeigniter4-CodeIgniter4-202f41a\system\CodeIgniter.php(419): CodeIgniter\CodeIgniter->runController(Object(App\Controllers\Users))
#3 C:\Users\codersbay\OneDrive\Du_Li_Jo\Coders.Bay\codeigniter4-CodeIgniter4-202f41a\system\CodeIgniter.php(326): CodeIgniter\CodeIgniter->handleRequest(NULL, Object(Config\Cache), false)
#4 C:\Users\codersbay\OneDrive\Du_Li_Jo\Coders.Bay\codeigniter4-CodeIgniter4-202f41a\public\index.php(37): CodeIgniter\CodeIgniter->run()
#5 C:\Users\codersbay\OneDrive\Du_Li_Jo\Coders.Bay\codeigniter4-CodeIgniter4-202f41a\system\Commands\Server\rewrite.php(43): require_once('C:\\Users\\coders...')
#6 {main}
CRITICAL - 2022-04-01 03:41:41 --> Class "App\Controllers\Username" not found
#0 C:\Users\codersbay\OneDrive\Du_Li_Jo\Coders.Bay\codeigniter4-CodeIgniter4-202f41a\system\CodeIgniter.php(832): App\Controllers\Users->create()
#1 C:\Users\codersbay\OneDrive\Du_Li_Jo\Coders.Bay\codeigniter4-CodeIgniter4-202f41a\system\CodeIgniter.php(419): CodeIgniter\CodeIgniter->runController(Object(App\Controllers\Users))
#2 C:\Users\codersbay\OneDrive\Du_Li_Jo\Coders.Bay\codeigniter4-CodeIgniter4-202f41a\system\CodeIgniter.php(326): CodeIgniter\CodeIgniter->handleRequest(NULL, Object(Config\Cache), false)
#3 C:\Users\codersbay\OneDrive\Du_Li_Jo\Coders.Bay\codeigniter4-CodeIgniter4-202f41a\public\index.php(37): CodeIgniter\CodeIgniter->run()
#4 C:\Users\codersbay\OneDrive\Du_Li_Jo\Coders.Bay\codeigniter4-CodeIgniter4-202f41a\system\Commands\Server\rewrite.php(43): require_once('C:\\Users\\coders...')
#5 {main}
CRITICAL - 2022-04-01 03:42:43 --> There is no data to insert.
#0 C:\Users\codersbay\OneDrive\Du_Li_Jo\Coders.Bay\codeigniter4-CodeIgniter4-202f41a\system\BaseModel.php(718): CodeIgniter\Database\Exceptions\DataException::forEmptyDataset('insert')
#1 C:\Users\codersbay\OneDrive\Du_Li_Jo\Coders.Bay\codeigniter4-CodeIgniter4-202f41a\system\Model.php(625): CodeIgniter\BaseModel->insert(Array, false)
#2 C:\Users\codersbay\OneDrive\Du_Li_Jo\Coders.Bay\codeigniter4-CodeIgniter4-202f41a\system\BaseModel.php(658): CodeIgniter\Model->insert(Array, false)
#3 C:\Users\codersbay\OneDrive\Du_Li_Jo\Coders.Bay\codeigniter4-CodeIgniter4-202f41a\app\Controllers\Users.php(55): CodeIgniter\BaseModel->save(Array)
#4 C:\Users\codersbay\OneDrive\Du_Li_Jo\Coders.Bay\codeigniter4-CodeIgniter4-202f41a\system\CodeIgniter.php(832): App\Controllers\Users->create()
#5 C:\Users\codersbay\OneDrive\Du_Li_Jo\Coders.Bay\codeigniter4-CodeIgniter4-202f41a\system\CodeIgniter.php(419): CodeIgniter\CodeIgniter->runController(Object(App\Controllers\Users))
#6 C:\Users\codersbay\OneDrive\Du_Li_Jo\Coders.Bay\codeigniter4-CodeIgniter4-202f41a\system\CodeIgniter.php(326): CodeIgniter\CodeIgniter->handleRequest(NULL, Object(Config\Cache), false)
#7 C:\Users\codersbay\OneDrive\Du_Li_Jo\Coders.Bay\codeigniter4-CodeIgniter4-202f41a\public\index.php(37): CodeIgniter\CodeIgniter->run()
#8 C:\Users\codersbay\OneDrive\Du_Li_Jo\Coders.Bay\codeigniter4-CodeIgniter4-202f41a\system\Commands\Server\rewrite.php(43): require_once('C:\\Users\\coders...')
#9 {main}
CRITICAL - 2022-04-01 03:47:42 --> There is no data to insert.
#0 C:\Users\codersbay\OneDrive\Du_Li_Jo\Coders.Bay\codeigniter4-CodeIgniter4-202f41a\system\BaseModel.php(718): CodeIgniter\Database\Exceptions\DataException::forEmptyDataset('insert')
#1 C:\Users\codersbay\OneDrive\Du_Li_Jo\Coders.Bay\codeigniter4-CodeIgniter4-202f41a\system\Model.php(625): CodeIgniter\BaseModel->insert(Array, false)
#2 C:\Users\codersbay\OneDrive\Du_Li_Jo\Coders.Bay\codeigniter4-CodeIgniter4-202f41a\system\BaseModel.php(658): CodeIgniter\Model->insert(Array, false)
#3 C:\Users\codersbay\OneDrive\Du_Li_Jo\Coders.Bay\codeigniter4-CodeIgniter4-202f41a\app\Controllers\Users.php(55): CodeIgniter\BaseModel->save(Array)
#4 C:\Users\codersbay\OneDrive\Du_Li_Jo\Coders.Bay\codeigniter4-CodeIgniter4-202f41a\system\CodeIgniter.php(832): App\Controllers\Users->create()
#5 C:\Users\codersbay\OneDrive\Du_Li_Jo\Coders.Bay\codeigniter4-CodeIgniter4-202f41a\system\CodeIgniter.php(419): CodeIgniter\CodeIgniter->runController(Object(App\Controllers\Users))
#6 C:\Users\codersbay\OneDrive\Du_Li_Jo\Coders.Bay\codeigniter4-CodeIgniter4-202f41a\system\CodeIgniter.php(326): CodeIgniter\CodeIgniter->handleRequest(NULL, Object(Config\Cache), false)
#7 C:\Users\codersbay\OneDrive\Du_Li_Jo\Coders.Bay\codeigniter4-CodeIgniter4-202f41a\public\index.php(37): CodeIgniter\CodeIgniter->run()
#8 C:\Users\codersbay\OneDrive\Du_Li_Jo\Coders.Bay\codeigniter4-CodeIgniter4-202f41a\system\Commands\Server\rewrite.php(43): require_once('C:\\Users\\coders...')
#9 {main}
CRITICAL - 2022-04-01 03:51:48 --> There is no data to insert.
#0 C:\Users\codersbay\OneDrive\Du_Li_Jo\Coders.Bay\codeigniter4-CodeIgniter4-202f41a\system\BaseModel.php(718): CodeIgniter\Database\Exceptions\DataException::forEmptyDataset('insert')
#1 C:\Users\codersbay\OneDrive\Du_Li_Jo\Coders.Bay\codeigniter4-CodeIgniter4-202f41a\system\Model.php(625): CodeIgniter\BaseModel->insert(Array, false)
#2 C:\Users\codersbay\OneDrive\Du_Li_Jo\Coders.Bay\codeigniter4-CodeIgniter4-202f41a\system\BaseModel.php(658): CodeIgniter\Model->insert(Array, false)
#3 C:\Users\codersbay\OneDrive\Du_Li_Jo\Coders.Bay\codeigniter4-CodeIgniter4-202f41a\app\Controllers\Users.php(55): CodeIgniter\BaseModel->save(Array)
#4 C:\Users\codersbay\OneDrive\Du_Li_Jo\Coders.Bay\codeigniter4-CodeIgniter4-202f41a\system\CodeIgniter.php(832): App\Controllers\Users->create()
#5 C:\Users\codersbay\OneDrive\Du_Li_Jo\Coders.Bay\codeigniter4-CodeIgniter4-202f41a\system\CodeIgniter.php(419): CodeIgniter\CodeIgniter->runController(Object(App\Controllers\Users))
#6 C:\Users\codersbay\OneDrive\Du_Li_Jo\Coders.Bay\codeigniter4-CodeIgniter4-202f41a\system\CodeIgniter.php(326): CodeIgniter\CodeIgniter->handleRequest(NULL, Object(Config\Cache), false)
#7 C:\Users\codersbay\OneDrive\Du_Li_Jo\Coders.Bay\codeigniter4-CodeIgniter4-202f41a\public\index.php(37): CodeIgniter\CodeIgniter->run()
#8 C:\Users\codersbay\OneDrive\Du_Li_Jo\Coders.Bay\codeigniter4-CodeIgniter4-202f41a\system\Commands\Server\rewrite.php(43): require_once('C:\\Users\\coders...')
#9 {main}
CRITICAL - 2022-04-01 03:52:17 --> There is no data to insert.
#0 C:\Users\codersbay\OneDrive\Du_Li_Jo\Coders.Bay\codeigniter4-CodeIgniter4-202f41a\system\BaseModel.php(718): CodeIgniter\Database\Exceptions\DataException::forEmptyDataset('insert')
#1 C:\Users\codersbay\OneDrive\Du_Li_Jo\Coders.Bay\codeigniter4-CodeIgniter4-202f41a\system\Model.php(625): CodeIgniter\BaseModel->insert(Array, false)
#2 C:\Users\codersbay\OneDrive\Du_Li_Jo\Coders.Bay\codeigniter4-CodeIgniter4-202f41a\system\BaseModel.php(658): CodeIgniter\Model->insert(Array, false)
#3 C:\Users\codersbay\OneDrive\Du_Li_Jo\Coders.Bay\codeigniter4-CodeIgniter4-202f41a\app\Controllers\Users.php(55): CodeIgniter\BaseModel->save(Array)
#4 C:\Users\codersbay\OneDrive\Du_Li_Jo\Coders.Bay\codeigniter4-CodeIgniter4-202f41a\system\CodeIgniter.php(832): App\Controllers\Users->create()
#5 C:\Users\codersbay\OneDrive\Du_Li_Jo\Coders.Bay\codeigniter4-CodeIgniter4-202f41a\system\CodeIgniter.php(419): CodeIgniter\CodeIgniter->runController(Object(App\Controllers\Users))
#6 C:\Users\codersbay\OneDrive\Du_Li_Jo\Coders.Bay\codeigniter4-CodeIgniter4-202f41a\system\CodeIgniter.php(326): CodeIgniter\CodeIgniter->handleRequest(NULL, Object(Config\Cache), false)
#7 C:\Users\codersbay\OneDrive\Du_Li_Jo\Coders.Bay\codeigniter4-CodeIgniter4-202f41a\public\index.php(37): CodeIgniter\CodeIgniter->run()
#8 C:\Users\codersbay\OneDrive\Du_Li_Jo\Coders.Bay\codeigniter4-CodeIgniter4-202f41a\system\Commands\Server\rewrite.php(43): require_once('C:\\Users\\coders...')
#9 {main}
CRITICAL - 2022-04-01 03:52:47 --> There is no data to insert.
#0 C:\Users\codersbay\OneDrive\Du_Li_Jo\Coders.Bay\codeigniter4-CodeIgniter4-202f41a\system\BaseModel.php(718): CodeIgniter\Database\Exceptions\DataException::forEmptyDataset('insert')
#1 C:\Users\codersbay\OneDrive\Du_Li_Jo\Coders.Bay\codeigniter4-CodeIgniter4-202f41a\system\Model.php(625): CodeIgniter\BaseModel->insert(Array, false)
#2 C:\Users\codersbay\OneDrive\Du_Li_Jo\Coders.Bay\codeigniter4-CodeIgniter4-202f41a\system\BaseModel.php(658): CodeIgniter\Model->insert(Array, false)
#3 C:\Users\codersbay\OneDrive\Du_Li_Jo\Coders.Bay\codeigniter4-CodeIgniter4-202f41a\app\Controllers\Users.php(55): CodeIgniter\BaseModel->save(Array)
#4 C:\Users\codersbay\OneDrive\Du_Li_Jo\Coders.Bay\codeigniter4-CodeIgniter4-202f41a\system\CodeIgniter.php(832): App\Controllers\Users->create()
#5 C:\Users\codersbay\OneDrive\Du_Li_Jo\Coders.Bay\codeigniter4-CodeIgniter4-202f41a\system\CodeIgniter.php(419): CodeIgniter\CodeIgniter->runController(Object(App\Controllers\Users))
#6 C:\Users\codersbay\OneDrive\Du_Li_Jo\Coders.Bay\codeigniter4-CodeIgniter4-202f41a\system\CodeIgniter.php(326): CodeIgniter\CodeIgniter->handleRequest(NULL, Object(Config\Cache), false)
#7 C:\Users\codersbay\OneDrive\Du_Li_Jo\Coders.Bay\codeigniter4-CodeIgniter4-202f41a\public\index.php(37): CodeIgniter\CodeIgniter->run()
#8 C:\Users\codersbay\OneDrive\Du_Li_Jo\Coders.Bay\codeigniter4-CodeIgniter4-202f41a\system\Commands\Server\rewrite.php(43): require_once('C:\\Users\\coders...')
#9 {main}
CRITICAL - 2022-04-01 03:53:18 --> There is no data to update.
#0 C:\Users\codersbay\OneDrive\Du_Li_Jo\Coders.Bay\codeigniter4-CodeIgniter4-202f41a\system\BaseModel.php(846): CodeIgniter\Database\Exceptions\DataException::forEmptyDataset('update')
#1 C:\Users\codersbay\OneDrive\Du_Li_Jo\Coders.Bay\codeigniter4-CodeIgniter4-202f41a\system\Model.php(651): CodeIgniter\BaseModel->update(Array, Array)
#2 C:\Users\codersbay\OneDrive\Du_Li_Jo\Coders.Bay\codeigniter4-CodeIgniter4-202f41a\system\BaseModel.php(656): CodeIgniter\Model->update('aufmerksamesPfe...', Array)
#3 C:\Users\codersbay\OneDrive\Du_Li_Jo\Coders.Bay\codeigniter4-CodeIgniter4-202f41a\app\Controllers\Users.php(55): CodeIgniter\BaseModel->save(Array)
#4 C:\Users\codersbay\OneDrive\Du_Li_Jo\Coders.Bay\codeigniter4-CodeIgniter4-202f41a\system\CodeIgniter.php(832): App\Controllers\Users->create()
#5 C:\Users\codersbay\OneDrive\Du_Li_Jo\Coders.Bay\codeigniter4-CodeIgniter4-202f41a\system\CodeIgniter.php(419): CodeIgniter\CodeIgniter->runController(Object(App\Controllers\Users))
#6 C:\Users\codersbay\OneDrive\Du_Li_Jo\Coders.Bay\codeigniter4-CodeIgniter4-202f41a\system\CodeIgniter.php(326): CodeIgniter\CodeIgniter->handleRequest(NULL, Object(Config\Cache), false)
#7 C:\Users\codersbay\OneDrive\Du_Li_Jo\Coders.Bay\codeigniter4-CodeIgniter4-202f41a\public\index.php(37): CodeIgniter\CodeIgniter->run()
#8 C:\Users\codersbay\OneDrive\Du_Li_Jo\Coders.Bay\codeigniter4-CodeIgniter4-202f41a\system\Commands\Server\rewrite.php(43): require_once('C:\\Users\\coders...')
#9 {main}
CRITICAL - 2022-04-01 03:54:27 --> There is no data to update.
#0 C:\Users\codersbay\OneDrive\Du_Li_Jo\Coders.Bay\codeigniter4-CodeIgniter4-202f41a\system\BaseModel.php(846): CodeIgniter\Database\Exceptions\DataException::forEmptyDataset('update')
#1 C:\Users\codersbay\OneDrive\Du_Li_Jo\Coders.Bay\codeigniter4-CodeIgniter4-202f41a\system\Model.php(651): CodeIgniter\BaseModel->update(Array, Array)
#2 C:\Users\codersbay\OneDrive\Du_Li_Jo\Coders.Bay\codeigniter4-CodeIgniter4-202f41a\system\BaseModel.php(656): CodeIgniter\Model->update('muntererHund67', Array)
#3 C:\Users\codersbay\OneDrive\Du_Li_Jo\Coders.Bay\codeigniter4-CodeIgniter4-202f41a\app\Controllers\Users.php(55): CodeIgniter\BaseModel->save(Array)
#4 C:\Users\codersbay\OneDrive\Du_Li_Jo\Coders.Bay\codeigniter4-CodeIgniter4-202f41a\system\CodeIgniter.php(832): App\Controllers\Users->create()
#5 C:\Users\codersbay\OneDrive\Du_Li_Jo\Coders.Bay\codeigniter4-CodeIgniter4-202f41a\system\CodeIgniter.php(419): CodeIgniter\CodeIgniter->runController(Object(App\Controllers\Users))
#6 C:\Users\codersbay\OneDrive\Du_Li_Jo\Coders.Bay\codeigniter4-CodeIgniter4-202f41a\system\CodeIgniter.php(326): CodeIgniter\CodeIgniter->handleRequest(NULL, Object(Config\Cache), false)
#7 C:\Users\codersbay\OneDrive\Du_Li_Jo\Coders.Bay\codeigniter4-CodeIgniter4-202f41a\public\index.php(37): CodeIgniter\CodeIgniter->run()
#8 C:\Users\codersbay\OneDrive\Du_Li_Jo\Coders.Bay\codeigniter4-CodeIgniter4-202f41a\system\Commands\Server\rewrite.php(43): require_once('C:\\Users\\coders...')
#9 {main}
CRITICAL - 2022-04-01 03:55:20 --> There is no data to update.
#0 C:\Users\codersbay\OneDrive\Du_Li_Jo\Coders.Bay\codeigniter4-CodeIgniter4-202f41a\system\BaseModel.php(846): CodeIgniter\Database\Exceptions\DataException::forEmptyDataset('update')
#1 C:\Users\codersbay\OneDrive\Du_Li_Jo\Coders.Bay\codeigniter4-CodeIgniter4-202f41a\system\Model.php(651): CodeIgniter\BaseModel->update(Array, Array)
#2 C:\Users\codersbay\OneDrive\Du_Li_Jo\Coders.Bay\codeigniter4-CodeIgniter4-202f41a\system\BaseModel.php(656): CodeIgniter\Model->update('positiveAmeise5...', Array)
#3 C:\Users\codersbay\OneDrive\Du_Li_Jo\Coders.Bay\codeigniter4-CodeIgniter4-202f41a\app\Controllers\Users.php(55): CodeIgniter\BaseModel->save(Array)
#4 C:\Users\codersbay\OneDrive\Du_Li_Jo\Coders.Bay\codeigniter4-CodeIgniter4-202f41a\system\CodeIgniter.php(832): App\Controllers\Users->create()
#5 C:\Users\codersbay\OneDrive\Du_Li_Jo\Coders.Bay\codeigniter4-CodeIgniter4-202f41a\system\CodeIgniter.php(419): CodeIgniter\CodeIgniter->runController(Object(App\Controllers\Users))
#6 C:\Users\codersbay\OneDrive\Du_Li_Jo\Coders.Bay\codeigniter4-CodeIgniter4-202f41a\system\CodeIgniter.php(326): CodeIgniter\CodeIgniter->handleRequest(NULL, Object(Config\Cache), false)
#7 C:\Users\codersbay\OneDrive\Du_Li_Jo\Coders.Bay\codeigniter4-CodeIgniter4-202f41a\public\index.php(37): CodeIgniter\CodeIgniter->run()
#8 C:\Users\codersbay\OneDrive\Du_Li_Jo\Coders.Bay\codeigniter4-CodeIgniter4-202f41a\system\Commands\Server\rewrite.php(43): require_once('C:\\Users\\coders...')
#9 {main}
CRITICAL - 2022-04-01 03:58:00 --> Undefined array key "userName"
#0 C:\Users\codersbay\OneDrive\Du_Li_Jo\Coders.Bay\codeigniter4-CodeIgniter4-202f41a\app\Views\dashboard.php(41): CodeIgniter\Debug\Exceptions->errorHandler(2, 'Undefined array...', 'C:\\Users\\coders...', 41)
#1 C:\Users\codersbay\OneDrive\Du_Li_Jo\Coders.Bay\codeigniter4-CodeIgniter4-202f41a\system\View\View.php(210): include('C:\\Users\\coders...')
#2 C:\Users\codersbay\OneDrive\Du_Li_Jo\Coders.Bay\codeigniter4-CodeIgniter4-202f41a\system\View\View.php(213): CodeIgniter\View\View->CodeIgniter\View\{closure}()
#3 C:\Users\codersbay\OneDrive\Du_Li_Jo\Coders.Bay\codeigniter4-CodeIgniter4-202f41a\system\Common.php(1089): CodeIgniter\View\View->render('dashboard', Array, true)
#4 C:\Users\codersbay\OneDrive\Du_Li_Jo\Coders.Bay\codeigniter4-CodeIgniter4-202f41a\app\Controllers\Home.php(9): view('dashboard')
#5 C:\Users\codersbay\OneDrive\Du_Li_Jo\Coders.Bay\codeigniter4-CodeIgniter4-202f41a\system\CodeIgniter.php(832): App\Controllers\Home->index()
#6 C:\Users\codersbay\OneDrive\Du_Li_Jo\Coders.Bay\codeigniter4-CodeIgniter4-202f41a\system\CodeIgniter.php(419): CodeIgniter\CodeIgniter->runController(Object(App\Controllers\Home))
#7 C:\Users\codersbay\OneDrive\Du_Li_Jo\Coders.Bay\codeigniter4-CodeIgniter4-202f41a\system\CodeIgniter.php(326): CodeIgniter\CodeIgniter->handleRequest(NULL, Object(Config\Cache), false)
#8 C:\Users\codersbay\OneDrive\Du_Li_Jo\Coders.Bay\codeigniter4-CodeIgniter4-202f41a\public\index.php(37): CodeIgniter\CodeIgniter->run()
#9 C:\Users\codersbay\OneDrive\Du_Li_Jo\Coders.Bay\codeigniter4-CodeIgniter4-202f41a\system\Commands\Server\rewrite.php(43): require_once('C:\\Users\\coders...')
#10 {main}
CRITICAL - 2022-04-01 03:58:03 --> Undefined array key "userName"
#0 C:\Users\codersbay\OneDrive\Du_Li_Jo\Coders.Bay\codeigniter4-CodeIgniter4-202f41a\app\Views\dashboard.php(41): CodeIgniter\Debug\Exceptions->errorHandler(2, 'Undefined array...', 'C:\\Users\\coders...', 41)
#1 C:\Users\codersbay\OneDrive\Du_Li_Jo\Coders.Bay\codeigniter4-CodeIgniter4-202f41a\system\View\View.php(210): include('C:\\Users\\coders...')
#2 C:\Users\codersbay\OneDrive\Du_Li_Jo\Coders.Bay\codeigniter4-CodeIgniter4-202f41a\system\View\View.php(213): CodeIgniter\View\View->CodeIgniter\View\{closure}()
#3 C:\Users\codersbay\OneDrive\Du_Li_Jo\Coders.Bay\codeigniter4-CodeIgniter4-202f41a\system\Common.php(1089): CodeIgniter\View\View->render('dashboard', Array, true)
#4 C:\Users\codersbay\OneDrive\Du_Li_Jo\Coders.Bay\codeigniter4-CodeIgniter4-202f41a\app\Controllers\Home.php(9): view('dashboard')
#5 C:\Users\codersbay\OneDrive\Du_Li_Jo\Coders.Bay\codeigniter4-CodeIgniter4-202f41a\system\CodeIgniter.php(832): App\Controllers\Home->index()
#6 C:\Users\codersbay\OneDrive\Du_Li_Jo\Coders.Bay\codeigniter4-CodeIgniter4-202f41a\system\CodeIgniter.php(419): CodeIgniter\CodeIgniter->runController(Object(App\Controllers\Home))
#7 C:\Users\codersbay\OneDrive\Du_Li_Jo\Coders.Bay\codeigniter4-CodeIgniter4-202f41a\system\CodeIgniter.php(326): CodeIgniter\CodeIgniter->handleRequest(NULL, Object(Config\Cache), false)
#8 C:\Users\codersbay\OneDrive\Du_Li_Jo\Coders.Bay\codeigniter4-CodeIgniter4-202f41a\public\index.php(37): CodeIgniter\CodeIgniter->run()
#9 C:\Users\codersbay\OneDrive\Du_Li_Jo\Coders.Bay\codeigniter4-CodeIgniter4-202f41a\system\Commands\Server\rewrite.php(43): require_once('C:\\Users\\coders...')
#10 {main}
CRITICAL - 2022-04-01 04:01:34 --> Undefined array key "userName"
#0 C:\Users\codersbay\OneDrive\Du_Li_Jo\Coders.Bay\codeigniter4-CodeIgniter4-202f41a\app\Views\dashboard.php(41): CodeIgniter\Debug\Exceptions->errorHandler(2, 'Undefined array...', 'C:\\Users\\coders...', 41)
#1 C:\Users\codersbay\OneDrive\Du_Li_Jo\Coders.Bay\codeigniter4-CodeIgniter4-202f41a\system\View\View.php(210): include('C:\\Users\\coders...')
#2 C:\Users\codersbay\OneDrive\Du_Li_Jo\Coders.Bay\codeigniter4-CodeIgniter4-202f41a\system\View\View.php(213): CodeIgniter\View\View->CodeIgniter\View\{closure}()
#3 C:\Users\codersbay\OneDrive\Du_Li_Jo\Coders.Bay\codeigniter4-CodeIgniter4-202f41a\system\Common.php(1089): CodeIgniter\View\View->render('dashboard', Array, true)
#4 C:\Users\codersbay\OneDrive\Du_Li_Jo\Coders.Bay\codeigniter4-CodeIgniter4-202f41a\app\Controllers\Home.php(9): view('dashboard')
#5 C:\Users\codersbay\OneDrive\Du_Li_Jo\Coders.Bay\codeigniter4-CodeIgniter4-202f41a\system\CodeIgniter.php(832): App\Controllers\Home->index()
#6 C:\Users\codersbay\OneDrive\Du_Li_Jo\Coders.Bay\codeigniter4-CodeIgniter4-202f41a\system\CodeIgniter.php(419): CodeIgniter\CodeIgniter->runController(Object(App\Controllers\Home))
#7 C:\Users\codersbay\OneDrive\Du_Li_Jo\Coders.Bay\codeigniter4-CodeIgniter4-202f41a\system\CodeIgniter.php(326): CodeIgniter\CodeIgniter->handleRequest(NULL, Object(Config\Cache), false)
#8 C:\Users\codersbay\OneDrive\Du_Li_Jo\Coders.Bay\codeigniter4-CodeIgniter4-202f41a\public\index.php(37): CodeIgniter\CodeIgniter->run()
#9 C:\Users\codersbay\OneDrive\Du_Li_Jo\Coders.Bay\codeigniter4-CodeIgniter4-202f41a\system\Commands\Server\rewrite.php(43): require_once('C:\\Users\\coders...')
#10 {main}
CRITICAL - 2022-04-01 04:02:15 --> Undefined variable $singleUser
#0 C:\Users\codersbay\OneDrive\Du_Li_Jo\Coders.Bay\codeigniter4-CodeIgniter4-202f41a\app\Views\dashboard.php(41): CodeIgniter\Debug\Exceptions->errorHandler(2, 'Undefined varia...', 'C:\\Users\\coders...', 41)
#1 C:\Users\codersbay\OneDrive\Du_Li_Jo\Coders.Bay\codeigniter4-CodeIgniter4-202f41a\system\View\View.php(210): include('C:\\Users\\coders...')
#2 C:\Users\codersbay\OneDrive\Du_Li_Jo\Coders.Bay\codeigniter4-CodeIgniter4-202f41a\system\View\View.php(213): CodeIgniter\View\View->CodeIgniter\View\{closure}()
#3 C:\Users\codersbay\OneDrive\Du_Li_Jo\Coders.Bay\codeigniter4-CodeIgniter4-202f41a\system\Common.php(1089): CodeIgniter\View\View->render('dashboard', Array, true)
#4 C:\Users\codersbay\OneDrive\Du_Li_Jo\Coders.Bay\codeigniter4-CodeIgniter4-202f41a\app\Controllers\Home.php(9): view('dashboard')
#5 C:\Users\codersbay\OneDrive\Du_Li_Jo\Coders.Bay\codeigniter4-CodeIgniter4-202f41a\system\CodeIgniter.php(832): App\Controllers\Home->index()
#6 C:\Users\codersbay\OneDrive\Du_Li_Jo\Coders.Bay\codeigniter4-CodeIgniter4-202f41a\system\CodeIgniter.php(419): CodeIgniter\CodeIgniter->runController(Object(App\Controllers\Home))
#7 C:\Users\codersbay\OneDrive\Du_Li_Jo\Coders.Bay\codeigniter4-CodeIgniter4-202f41a\system\CodeIgniter.php(326): CodeIgniter\CodeIgniter->handleRequest(NULL, Object(Config\Cache), false)
#8 C:\Users\codersbay\OneDrive\Du_Li_Jo\Coders.Bay\codeigniter4-CodeIgniter4-202f41a\public\index.php(37): CodeIgniter\CodeIgniter->run()
#9 C:\Users\codersbay\OneDrive\Du_Li_Jo\Coders.Bay\codeigniter4-CodeIgniter4-202f41a\system\Commands\Server\rewrite.php(43): require_once('C:\\Users\\coders...')
#10 {main}
CRITICAL - 2022-04-01 04:02:22 --> Undefined variable $user
#0 C:\Users\codersbay\OneDrive\Du_Li_Jo\Coders.Bay\codeigniter4-CodeIgniter4-202f41a\app\Views\dashboard.php(41): CodeIgniter\Debug\Exceptions->errorHandler(2, 'Undefined varia...', 'C:\\Users\\coders...', 41)
#1 C:\Users\codersbay\OneDrive\Du_Li_Jo\Coders.Bay\codeigniter4-CodeIgniter4-202f41a\system\View\View.php(210): include('C:\\Users\\coders...')
#2 C:\Users\codersbay\OneDrive\Du_Li_Jo\Coders.Bay\codeigniter4-CodeIgniter4-202f41a\system\View\View.php(213): CodeIgniter\View\View->CodeIgniter\View\{closure}()
#3 C:\Users\codersbay\OneDrive\Du_Li_Jo\Coders.Bay\codeigniter4-CodeIgniter4-202f41a\system\Common.php(1089): CodeIgniter\View\View->render('dashboard', Array, true)
#4 C:\Users\codersbay\OneDrive\Du_Li_Jo\Coders.Bay\codeigniter4-CodeIgniter4-202f41a\app\Controllers\Home.php(9): view('dashboard')
#5 C:\Users\codersbay\OneDrive\Du_Li_Jo\Coders.Bay\codeigniter4-CodeIgniter4-202f41a\system\CodeIgniter.php(832): App\Controllers\Home->index()
#6 C:\Users\codersbay\OneDrive\Du_Li_Jo\Coders.Bay\codeigniter4-CodeIgniter4-202f41a\system\CodeIgniter.php(419): CodeIgniter\CodeIgniter->runController(Object(App\Controllers\Home))
#7 C:\Users\codersbay\OneDrive\Du_Li_Jo\Coders.Bay\codeigniter4-CodeIgniter4-202f41a\system\CodeIgniter.php(326): CodeIgniter\CodeIgniter->handleRequest(NULL, Object(Config\Cache), false)
#8 C:\Users\codersbay\OneDrive\Du_Li_Jo\Coders.Bay\codeigniter4-CodeIgniter4-202f41a\public\index.php(37): CodeIgniter\CodeIgniter->run()
#9 C:\Users\codersbay\OneDrive\Du_Li_Jo\Coders.Bay\codeigniter4-CodeIgniter4-202f41a\system\Commands\Server\rewrite.php(43): require_once('C:\\Users\\coders...')
#10 {main}
CRITICAL - 2022-04-01 04:03:49 --> Cannot access offset of type string on string
#0 C:\Users\codersbay\OneDrive\Du_Li_Jo\Coders.Bay\codeigniter4-CodeIgniter4-202f41a\system\View\View.php(210): include()
#1 C:\Users\codersbay\OneDrive\Du_Li_Jo\Coders.Bay\codeigniter4-CodeIgniter4-202f41a\system\View\View.php(213): CodeIgniter\View\View->CodeIgniter\View\{closure}()
#2 C:\Users\codersbay\OneDrive\Du_Li_Jo\Coders.Bay\codeigniter4-CodeIgniter4-202f41a\system\Common.php(1089): CodeIgniter\View\View->render('dashboard', Array, true)
#3 C:\Users\codersbay\OneDrive\Du_Li_Jo\Coders.Bay\codeigniter4-CodeIgniter4-202f41a\app\Controllers\Home.php(9): view('dashboard')
#4 C:\Users\codersbay\OneDrive\Du_Li_Jo\Coders.Bay\codeigniter4-CodeIgniter4-202f41a\system\CodeIgniter.php(832): App\Controllers\Home->index()
#5 C:\Users\codersbay\OneDrive\Du_Li_Jo\Coders.Bay\codeigniter4-CodeIgniter4-202f41a\system\CodeIgniter.php(419): CodeIgniter\CodeIgniter->runController(Object(App\Controllers\Home))
#6 C:\Users\codersbay\OneDrive\Du_Li_Jo\Coders.Bay\codeigniter4-CodeIgniter4-202f41a\system\CodeIgniter.php(326): CodeIgniter\CodeIgniter->handleRequest(NULL, Object(Config\Cache), false)
#7 C:\Users\codersbay\OneDrive\Du_Li_Jo\Coders.Bay\codeigniter4-CodeIgniter4-202f41a\public\index.php(37): CodeIgniter\CodeIgniter->run()
#8 C:\Users\codersbay\OneDrive\Du_Li_Jo\Coders.Bay\codeigniter4-CodeIgniter4-202f41a\system\Commands\Server\rewrite.php(43): require_once('C:\\Users\\coders...')
#9 {main}
CRITICAL - 2022-04-01 04:04:22 --> Undefined variable $user
#0 C:\Users\codersbay\OneDrive\Du_Li_Jo\Coders.Bay\codeigniter4-CodeIgniter4-202f41a\app\Views\dashboard.php(41): CodeIgniter\Debug\Exceptions->errorHandler(2, 'Undefined varia...', 'C:\\Users\\coders...', 41)
#1 C:\Users\codersbay\OneDrive\Du_Li_Jo\Coders.Bay\codeigniter4-CodeIgniter4-202f41a\system\View\View.php(210): include('C:\\Users\\coders...')
#2 C:\Users\codersbay\OneDrive\Du_Li_Jo\Coders.Bay\codeigniter4-CodeIgniter4-202f41a\system\View\View.php(213): CodeIgniter\View\View->CodeIgniter\View\{closure}()
#3 C:\Users\codersbay\OneDrive\Du_Li_Jo\Coders.Bay\codeigniter4-CodeIgniter4-202f41a\system\Common.php(1089): CodeIgniter\View\View->render('dashboard', Array, true)
#4 C:\Users\codersbay\OneDrive\Du_Li_Jo\Coders.Bay\codeigniter4-CodeIgniter4-202f41a\app\Controllers\Home.php(9): view('dashboard')
#5 C:\Users\codersbay\OneDrive\Du_Li_Jo\Coders.Bay\codeigniter4-CodeIgniter4-202f41a\system\CodeIgniter.php(832): App\Controllers\Home->index()
#6 C:\Users\codersbay\OneDrive\Du_Li_Jo\Coders.Bay\codeigniter4-CodeIgniter4-202f41a\system\CodeIgniter.php(419): CodeIgniter\CodeIgniter->runController(Object(App\Controllers\Home))
#7 C:\Users\codersbay\OneDrive\Du_Li_Jo\Coders.Bay\codeigniter4-CodeIgniter4-202f41a\system\CodeIgniter.php(326): CodeIgniter\CodeIgniter->handleRequest(NULL, Object(Config\Cache), false)
#8 C:\Users\codersbay\OneDrive\Du_Li_Jo\Coders.Bay\codeigniter4-CodeIgniter4-202f41a\public\index.php(37): CodeIgniter\CodeIgniter->run()
#9 C:\Users\codersbay\OneDrive\Du_Li_Jo\Coders.Bay\codeigniter4-CodeIgniter4-202f41a\system\Commands\Server\rewrite.php(43): require_once('C:\\Users\\coders...')
#10 {main}
CRITICAL - 2022-04-01 04:09:51 --> Undefined variable $userName
#0 C:\Users\codersbay\OneDrive\Du_Li_Jo\Coders.Bay\codeigniter4-CodeIgniter4-202f41a\app\Views\dashboard.php(57): CodeIgniter\Debug\Exceptions->errorHandler(2, 'Undefined varia...', 'C:\\Users\\coders...', 57)
#1 C:\Users\codersbay\OneDrive\Du_Li_Jo\Coders.Bay\codeigniter4-CodeIgniter4-202f41a\system\View\View.php(210): include('C:\\Users\\coders...')
#2 C:\Users\codersbay\OneDrive\Du_Li_Jo\Coders.Bay\codeigniter4-CodeIgniter4-202f41a\system\View\View.php(213): CodeIgniter\View\View->CodeIgniter\View\{closure}()
#3 C:\Users\codersbay\OneDrive\Du_Li_Jo\Coders.Bay\codeigniter4-CodeIgniter4-202f41a\system\Common.php(1089): CodeIgniter\View\View->render('dashboard', Array, true)
#4 C:\Users\codersbay\OneDrive\Du_Li_Jo\Coders.Bay\codeigniter4-CodeIgniter4-202f41a\app\Controllers\Home.php(9): view('dashboard')
#5 C:\Users\codersbay\OneDrive\Du_Li_Jo\Coders.Bay\codeigniter4-CodeIgniter4-202f41a\system\CodeIgniter.php(832): App\Controllers\Home->index()
#6 C:\Users\codersbay\OneDrive\Du_Li_Jo\Coders.Bay\codeigniter4-CodeIgniter4-202f41a\system\CodeIgniter.php(419): CodeIgniter\CodeIgniter->runController(Object(App\Controllers\Home))
#7 C:\Users\codersbay\OneDrive\Du_Li_Jo\Coders.Bay\codeigniter4-CodeIgniter4-202f41a\system\CodeIgniter.php(326): CodeIgniter\CodeIgniter->handleRequest(NULL, Object(Config\Cache), false)
#8 C:\Users\codersbay\OneDrive\Du_Li_Jo\Coders.Bay\codeigniter4-CodeIgniter4-202f41a\public\index.php(37): CodeIgniter\CodeIgniter->run()
#9 C:\Users\codersbay\OneDrive\Du_Li_Jo\Coders.Bay\codeigniter4-CodeIgniter4-202f41a\system\Commands\Server\rewrite.php(43): require_once('C:\\Users\\coders...')
#10 {main}
CRITICAL - 2022-04-01 04:15:09 --> Undefined array key "userName"
#0 C:\Users\codersbay\OneDrive\Du_Li_Jo\Coders.Bay\codeigniter4-CodeIgniter4-202f41a\app\Views\dashboard.php(42): CodeIgniter\Debug\Exceptions->errorHandler(2, 'Undefined array...', 'C:\\Users\\coders...', 42)
#1 C:\Users\codersbay\OneDrive\Du_Li_Jo\Coders.Bay\codeigniter4-CodeIgniter4-202f41a\system\View\View.php(210): include('C:\\Users\\coders...')
#2 C:\Users\codersbay\OneDrive\Du_Li_Jo\Coders.Bay\codeigniter4-CodeIgniter4-202f41a\system\View\View.php(213): CodeIgniter\View\View->CodeIgniter\View\{closure}()
#3 C:\Users\codersbay\OneDrive\Du_Li_Jo\Coders.Bay\codeigniter4-CodeIgniter4-202f41a\system\Common.php(1089): CodeIgniter\View\View->render('dashboard', Array, true)
#4 C:\Users\codersbay\OneDrive\Du_Li_Jo\Coders.Bay\codeigniter4-CodeIgniter4-202f41a\app\Controllers\Home.php(9): view('dashboard')
#5 C:\Users\codersbay\OneDrive\Du_Li_Jo\Coders.Bay\codeigniter4-CodeIgniter4-202f41a\system\CodeIgniter.php(832): App\Controllers\Home->index()
#6 C:\Users\codersbay\OneDrive\Du_Li_Jo\Coders.Bay\codeigniter4-CodeIgniter4-202f41a\system\CodeIgniter.php(419): CodeIgniter\CodeIgniter->runController(Object(App\Controllers\Home))
#7 C:\Users\codersbay\OneDrive\Du_Li_Jo\Coders.Bay\codeigniter4-CodeIgniter4-202f41a\system\CodeIgniter.php(326): CodeIgniter\CodeIgniter->handleRequest(NULL, Object(Config\Cache), false)
#8 C:\Users\codersbay\OneDrive\Du_Li_Jo\Coders.Bay\codeigniter4-CodeIgniter4-202f41a\public\index.php(37): CodeIgniter\CodeIgniter->run()
#9 C:\Users\codersbay\OneDrive\Du_Li_Jo\Coders.Bay\codeigniter4-CodeIgniter4-202f41a\system\Commands\Server\rewrite.php(43): require_once('C:\\Users\\coders...')
#10 {main}
CRITICAL - 2022-04-01 04:23:25 --> Undefined array key "userName"
#0 C:\Users\codersbay\OneDrive\Du_Li_Jo\Coders.Bay\codeigniter4-CodeIgniter4-202f41a\app\Views\dashboard.php(56): CodeIgniter\Debug\Exceptions->errorHandler(2, 'Undefined array...', 'C:\\Users\\coders...', 56)
#1 C:\Users\codersbay\OneDrive\Du_Li_Jo\Coders.Bay\codeigniter4-CodeIgniter4-202f41a\system\View\View.php(210): include('C:\\Users\\coders...')
#2 C:\Users\codersbay\OneDrive\Du_Li_Jo\Coders.Bay\codeigniter4-CodeIgniter4-202f41a\system\View\View.php(213): CodeIgniter\View\View->CodeIgniter\View\{closure}()
#3 C:\Users\codersbay\OneDrive\Du_Li_Jo\Coders.Bay\codeigniter4-CodeIgniter4-202f41a\system\Common.php(1089): CodeIgniter\View\View->render('dashboard', Array, true)
#4 C:\Users\codersbay\OneDrive\Du_Li_Jo\Coders.Bay\codeigniter4-CodeIgniter4-202f41a\app\Controllers\Home.php(9): view('dashboard')
#5 C:\Users\codersbay\OneDrive\Du_Li_Jo\Coders.Bay\codeigniter4-CodeIgniter4-202f41a\system\CodeIgniter.php(832): App\Controllers\Home->index()
#6 C:\Users\codersbay\OneDrive\Du_Li_Jo\Coders.Bay\codeigniter4-CodeIgniter4-202f41a\system\CodeIgniter.php(419): CodeIgniter\CodeIgniter->runController(Object(App\Controllers\Home))
#7 C:\Users\codersbay\OneDrive\Du_Li_Jo\Coders.Bay\codeigniter4-CodeIgniter4-202f41a\system\CodeIgniter.php(326): CodeIgniter\CodeIgniter->handleRequest(NULL, Object(Config\Cache), false)
#8 C:\Users\codersbay\OneDrive\Du_Li_Jo\Coders.Bay\codeigniter4-CodeIgniter4-202f41a\public\index.php(37): CodeIgniter\CodeIgniter->run()
#9 C:\Users\codersbay\OneDrive\Du_Li_Jo\Coders.Bay\codeigniter4-CodeIgniter4-202f41a\system\Commands\Server\rewrite.php(43): require_once('C:\\Users\\coders...')
#10 {main}
