CRITICAL - 2022-03-31 09:41:40 --> The framework needs the following extension(s) installed and loaded: intl.
#0 C:\Users\codersbay\OneDrive\Du_Li_Jo\Coders.Bay\codeigniter4-CodeIgniter4-202f41a\system\CodeIgniter.php(219): CodeIgniter\Exceptions\FrameworkException::forMissingExtension('intl')
#1 C:\Users\codersbay\OneDrive\Du_Li_Jo\Coders.Bay\codeigniter4-CodeIgniter4-202f41a\system\CodeIgniter.php(177): CodeIgniter\CodeIgniter->resolvePlatformExtensions()
#2 C:\Users\codersbay\OneDrive\Du_Li_Jo\Coders.Bay\codeigniter4-CodeIgniter4-202f41a\system\bootstrap.php(146): CodeIgniter\CodeIgniter->initialize()
#3 C:\Users\codersbay\OneDrive\Du_Li_Jo\Coders.Bay\codeigniter4-CodeIgniter4-202f41a\spark(45): require('C:\\Users\\coders...')
#4 {main}
CRITICAL - 2022-03-31 02:54:32 --> include(../utils/Profile.inc.php): Failed to open stream: No such file or directory
#0 C:\Users\codersbay\OneDrive\Du_Li_Jo\Coders.Bay\codeigniter4-CodeIgniter4-202f41a\app\Views\dashboard.php(44): CodeIgniter\Debug\Exceptions->errorHandler(2, 'include(../util...', 'C:\\Users\\coders...', 44)
#1 C:\Users\codersbay\OneDrive\Du_Li_Jo\Coders.Bay\codeigniter4-CodeIgniter4-202f41a\app\Views\dashboard.php(44): include()
#2 C:\Users\codersbay\OneDrive\Du_Li_Jo\Coders.Bay\codeigniter4-CodeIgniter4-202f41a\system\View\View.php(210): include('C:\\Users\\coders...')
#3 C:\Users\codersbay\OneDrive\Du_Li_Jo\Coders.Bay\codeigniter4-CodeIgniter4-202f41a\system\View\View.php(213): CodeIgniter\View\View->CodeIgniter\View\{closure}()
#4 C:\Users\codersbay\OneDrive\Du_Li_Jo\Coders.Bay\codeigniter4-CodeIgniter4-202f41a\system\Common.php(1089): CodeIgniter\View\View->render('dashboard', Array, true)
#5 C:\Users\codersbay\OneDrive\Du_Li_Jo\Coders.Bay\codeigniter4-CodeIgniter4-202f41a\app\Controllers\Home.php(9): view('dashboard')
#6 C:\Users\codersbay\OneDrive\Du_Li_Jo\Coders.Bay\codeigniter4-CodeIgniter4-202f41a\system\CodeIgniter.php(832): App\Controllers\Home->index()
#7 C:\Users\codersbay\OneDrive\Du_Li_Jo\Coders.Bay\codeigniter4-CodeIgniter4-202f41a\system\CodeIgniter.php(419): CodeIgniter\CodeIgniter->runController(Object(App\Controllers\Home))
#8 C:\Users\codersbay\OneDrive\Du_Li_Jo\Coders.Bay\codeigniter4-CodeIgniter4-202f41a\system\CodeIgniter.php(326): CodeIgniter\CodeIgniter->handleRequest(NULL, Object(Config\Cache), false)
#9 C:\Users\codersbay\OneDrive\Du_Li_Jo\Coders.Bay\codeigniter4-CodeIgniter4-202f41a\public\index.php(37): CodeIgniter\CodeIgniter->run()
#10 C:\Users\codersbay\OneDrive\Du_Li_Jo\Coders.Bay\codeigniter4-CodeIgniter4-202f41a\system\Commands\Server\rewrite.php(43): require_once('C:\\Users\\coders...')
#11 {main}
CRITICAL - 2022-03-31 02:57:15 --> Class "Profile" not found
#0 C:\Users\codersbay\OneDrive\Du_Li_Jo\Coders.Bay\codeigniter4-CodeIgniter4-202f41a\system\View\View.php(210): include()
#1 C:\Users\codersbay\OneDrive\Du_Li_Jo\Coders.Bay\codeigniter4-CodeIgniter4-202f41a\system\View\View.php(213): CodeIgniter\View\View->CodeIgniter\View\{closure}()
#2 C:\Users\codersbay\OneDrive\Du_Li_Jo\Coders.Bay\codeigniter4-CodeIgniter4-202f41a\system\Common.php(1089): CodeIgniter\View\View->render('dashboard', Array, true)
#3 C:\Users\codersbay\OneDrive\Du_Li_Jo\Coders.Bay\codeigniter4-CodeIgniter4-202f41a\app\Controllers\Home.php(9): view('dashboard')
#4 C:\Users\codersbay\OneDrive\Du_Li_Jo\Coders.Bay\codeigniter4-CodeIgniter4-202f41a\system\CodeIgniter.php(832): App\Controllers\Home->index()
#5 C:\Users\codersbay\OneDrive\Du_Li_Jo\Coders.Bay\codeigniter4-CodeIgniter4-202f41a\system\CodeIgniter.php(419): CodeIgniter\CodeIgniter->runController(Object(App\Controllers\Home))
#6 C:\Users\codersbay\OneDrive\Du_Li_Jo\Coders.Bay\codeigniter4-CodeIgniter4-202f41a\system\CodeIgniter.php(326): CodeIgniter\CodeIgniter->handleRequest(NULL, Object(Config\Cache), false)
#7 C:\Users\codersbay\OneDrive\Du_Li_Jo\Coders.Bay\codeigniter4-CodeIgniter4-202f41a\public\index.php(37): CodeIgniter\CodeIgniter->run()
#8 C:\Users\codersbay\OneDrive\Du_Li_Jo\Coders.Bay\codeigniter4-CodeIgniter4-202f41a\system\Commands\Server\rewrite.php(43): require_once('C:\\Users\\coders...')
#9 {main}
CRITICAL - 2022-03-31 03:06:32 --> include(./getAll.php): Failed to open stream: No such file or directory
#0 C:\Users\codersbay\OneDrive\Du_Li_Jo\Coders.Bay\codeigniter4-CodeIgniter4-202f41a\app\Views\dashboard.php(48): CodeIgniter\Debug\Exceptions->errorHandler(2, 'include(./getAl...', 'C:\\Users\\coders...', 48)
#1 C:\Users\codersbay\OneDrive\Du_Li_Jo\Coders.Bay\codeigniter4-CodeIgniter4-202f41a\app\Views\dashboard.php(48): include()
#2 C:\Users\codersbay\OneDrive\Du_Li_Jo\Coders.Bay\codeigniter4-CodeIgniter4-202f41a\system\View\View.php(210): include('C:\\Users\\coders...')
#3 C:\Users\codersbay\OneDrive\Du_Li_Jo\Coders.Bay\codeigniter4-CodeIgniter4-202f41a\system\View\View.php(213): CodeIgniter\View\View->CodeIgniter\View\{closure}()
#4 C:\Users\codersbay\OneDrive\Du_Li_Jo\Coders.Bay\codeigniter4-CodeIgniter4-202f41a\system\Common.php(1089): CodeIgniter\View\View->render('dashboard', Array, true)
#5 C:\Users\codersbay\OneDrive\Du_Li_Jo\Coders.Bay\codeigniter4-CodeIgniter4-202f41a\app\Controllers\Home.php(9): view('dashboard')
#6 C:\Users\codersbay\OneDrive\Du_Li_Jo\Coders.Bay\codeigniter4-CodeIgniter4-202f41a\system\CodeIgniter.php(832): App\Controllers\Home->index()
#7 C:\Users\codersbay\OneDrive\Du_Li_Jo\Coders.Bay\codeigniter4-CodeIgniter4-202f41a\system\CodeIgniter.php(419): CodeIgniter\CodeIgniter->runController(Object(App\Controllers\Home))
#8 C:\Users\codersbay\OneDrive\Du_Li_Jo\Coders.Bay\codeigniter4-CodeIgniter4-202f41a\system\CodeIgniter.php(326): CodeIgniter\CodeIgniter->handleRequest(NULL, Object(Config\Cache), false)
#9 C:\Users\codersbay\OneDrive\Du_Li_Jo\Coders.Bay\codeigniter4-CodeIgniter4-202f41a\public\index.php(37): CodeIgniter\CodeIgniter->run()
#10 C:\Users\codersbay\OneDrive\Du_Li_Jo\Coders.Bay\codeigniter4-CodeIgniter4-202f41a\system\Commands\Server\rewrite.php(43): require_once('C:\\Users\\coders...')
#11 {main}
CRITICAL - 2022-03-31 03:22:53 --> include(../utils/Profile.inc.php): Failed to open stream: No such file or directory
#0 C:\Users\codersbay\OneDrive\Du_Li_Jo\Coders.Bay\codeigniter4-CodeIgniter4-202f41a\app\Views\pages\login.php(3): CodeIgniter\Debug\Exceptions->errorHandler(2, 'include(../util...', 'C:\\Users\\coders...', 3)
#1 C:\Users\codersbay\OneDrive\Du_Li_Jo\Coders.Bay\codeigniter4-CodeIgniter4-202f41a\app\Views\pages\login.php(3): include()
#2 C:\Users\codersbay\OneDrive\Du_Li_Jo\Coders.Bay\codeigniter4-CodeIgniter4-202f41a\system\View\View.php(210): include('C:\\Users\\coders...')
#3 C:\Users\codersbay\OneDrive\Du_Li_Jo\Coders.Bay\codeigniter4-CodeIgniter4-202f41a\system\View\View.php(213): CodeIgniter\View\View->CodeIgniter\View\{closure}()
#4 C:\Users\codersbay\OneDrive\Du_Li_Jo\Coders.Bay\codeigniter4-CodeIgniter4-202f41a\system\Common.php(1089): CodeIgniter\View\View->render('pages/login', Array, true)
#5 C:\Users\codersbay\OneDrive\Du_Li_Jo\Coders.Bay\codeigniter4-CodeIgniter4-202f41a\app\Controllers\Pages.php(22): view('pages/login', Array)
#6 C:\Users\codersbay\OneDrive\Du_Li_Jo\Coders.Bay\codeigniter4-CodeIgniter4-202f41a\system\CodeIgniter.php(832): App\Controllers\Pages->view('login')
#7 C:\Users\codersbay\OneDrive\Du_Li_Jo\Coders.Bay\codeigniter4-CodeIgniter4-202f41a\system\CodeIgniter.php(419): CodeIgniter\CodeIgniter->runController(Object(App\Controllers\Pages))
#8 C:\Users\codersbay\OneDrive\Du_Li_Jo\Coders.Bay\codeigniter4-CodeIgniter4-202f41a\system\CodeIgniter.php(326): CodeIgniter\CodeIgniter->handleRequest(NULL, Object(Config\Cache), false)
#9 C:\Users\codersbay\OneDrive\Du_Li_Jo\Coders.Bay\codeigniter4-CodeIgniter4-202f41a\public\index.php(37): CodeIgniter\CodeIgniter->run()
#10 C:\Users\codersbay\OneDrive\Du_Li_Jo\Coders.Bay\codeigniter4-CodeIgniter4-202f41a\system\Commands\Server\rewrite.php(43): require_once('C:\\Users\\coders...')
#11 {main}
CRITICAL - 2022-03-31 03:23:36 --> include(../utils/Profile.inc.php): Failed to open stream: No such file or directory
#0 C:\Users\codersbay\OneDrive\Du_Li_Jo\Coders.Bay\codeigniter4-CodeIgniter4-202f41a\app\Views\pages\new.php(18): CodeIgniter\Debug\Exceptions->errorHandler(2, 'include(../util...', 'C:\\Users\\coders...', 18)
#1 C:\Users\codersbay\OneDrive\Du_Li_Jo\Coders.Bay\codeigniter4-CodeIgniter4-202f41a\app\Views\pages\new.php(18): include()
#2 C:\Users\codersbay\OneDrive\Du_Li_Jo\Coders.Bay\codeigniter4-CodeIgniter4-202f41a\system\View\View.php(210): include('C:\\Users\\coders...')
#3 C:\Users\codersbay\OneDrive\Du_Li_Jo\Coders.Bay\codeigniter4-CodeIgniter4-202f41a\system\View\View.php(213): CodeIgniter\View\View->CodeIgniter\View\{closure}()
#4 C:\Users\codersbay\OneDrive\Du_Li_Jo\Coders.Bay\codeigniter4-CodeIgniter4-202f41a\system\Common.php(1089): CodeIgniter\View\View->render('pages/new', Array, true)
#5 C:\Users\codersbay\OneDrive\Du_Li_Jo\Coders.Bay\codeigniter4-CodeIgniter4-202f41a\app\Controllers\Pages.php(22): view('pages/new', Array)
#6 C:\Users\codersbay\OneDrive\Du_Li_Jo\Coders.Bay\codeigniter4-CodeIgniter4-202f41a\system\CodeIgniter.php(832): App\Controllers\Pages->view('new')
#7 C:\Users\codersbay\OneDrive\Du_Li_Jo\Coders.Bay\codeigniter4-CodeIgniter4-202f41a\system\CodeIgniter.php(419): CodeIgniter\CodeIgniter->runController(Object(App\Controllers\Pages))
#8 C:\Users\codersbay\OneDrive\Du_Li_Jo\Coders.Bay\codeigniter4-CodeIgniter4-202f41a\system\CodeIgniter.php(326): CodeIgniter\CodeIgniter->handleRequest(NULL, Object(Config\Cache), false)
#9 C:\Users\codersbay\OneDrive\Du_Li_Jo\Coders.Bay\codeigniter4-CodeIgniter4-202f41a\public\index.php(37): CodeIgniter\CodeIgniter->run()
#10 C:\Users\codersbay\OneDrive\Du_Li_Jo\Coders.Bay\codeigniter4-CodeIgniter4-202f41a\system\Commands\Server\rewrite.php(43): require_once('C:\\Users\\coders...')
#11 {main}
CRITICAL - 2022-03-31 03:26:07 --> include(../utils/Profile.inc.php): Failed to open stream: No such file or directory
#0 C:\Users\codersbay\OneDrive\Du_Li_Jo\Coders.Bay\codeigniter4-CodeIgniter4-202f41a\app\Views\pages\login.php(3): CodeIgniter\Debug\Exceptions->errorHandler(2, 'include(../util...', 'C:\\Users\\coders...', 3)
#1 C:\Users\codersbay\OneDrive\Du_Li_Jo\Coders.Bay\codeigniter4-CodeIgniter4-202f41a\app\Views\pages\login.php(3): include()
#2 C:\Users\codersbay\OneDrive\Du_Li_Jo\Coders.Bay\codeigniter4-CodeIgniter4-202f41a\system\View\View.php(210): include('C:\\Users\\coders...')
#3 C:\Users\codersbay\OneDrive\Du_Li_Jo\Coders.Bay\codeigniter4-CodeIgniter4-202f41a\system\View\View.php(213): CodeIgniter\View\View->CodeIgniter\View\{closure}()
#4 C:\Users\codersbay\OneDrive\Du_Li_Jo\Coders.Bay\codeigniter4-CodeIgniter4-202f41a\system\Common.php(1089): CodeIgniter\View\View->render('pages/login', Array, true)
#5 C:\Users\codersbay\OneDrive\Du_Li_Jo\Coders.Bay\codeigniter4-CodeIgniter4-202f41a\app\Controllers\Pages.php(22): view('pages/login', Array)
#6 C:\Users\codersbay\OneDrive\Du_Li_Jo\Coders.Bay\codeigniter4-CodeIgniter4-202f41a\system\CodeIgniter.php(832): App\Controllers\Pages->view('login')
#7 C:\Users\codersbay\OneDrive\Du_Li_Jo\Coders.Bay\codeigniter4-CodeIgniter4-202f41a\system\CodeIgniter.php(419): CodeIgniter\CodeIgniter->runController(Object(App\Controllers\Pages))
#8 C:\Users\codersbay\OneDrive\Du_Li_Jo\Coders.Bay\codeigniter4-CodeIgniter4-202f41a\system\CodeIgniter.php(326): CodeIgniter\CodeIgniter->handleRequest(NULL, Object(Config\Cache), false)
#9 C:\Users\codersbay\OneDrive\Du_Li_Jo\Coders.Bay\codeigniter4-CodeIgniter4-202f41a\public\index.php(37): CodeIgniter\CodeIgniter->run()
#10 C:\Users\codersbay\OneDrive\Du_Li_Jo\Coders.Bay\codeigniter4-CodeIgniter4-202f41a\system\Commands\Server\rewrite.php(43): require_once('C:\\Users\\coders...')
#11 {main}
CRITICAL - 2022-03-31 03:32:45 --> include(../utils/Profile.inc.php): Failed to open stream: No such file or directory
#0 C:\Users\codersbay\OneDrive\Du_Li_Jo\Coders.Bay\codeigniter4-CodeIgniter4-202f41a\app\Views\pages\login.php(3): CodeIgniter\Debug\Exceptions->errorHandler(2, 'include(../util...', 'C:\\Users\\coders...', 3)
#1 C:\Users\codersbay\OneDrive\Du_Li_Jo\Coders.Bay\codeigniter4-CodeIgniter4-202f41a\app\Views\pages\login.php(3): include()
#2 C:\Users\codersbay\OneDrive\Du_Li_Jo\Coders.Bay\codeigniter4-CodeIgniter4-202f41a\system\View\View.php(210): include('C:\\Users\\coders...')
#3 C:\Users\codersbay\OneDrive\Du_Li_Jo\Coders.Bay\codeigniter4-CodeIgniter4-202f41a\system\View\View.php(213): CodeIgniter\View\View->CodeIgniter\View\{closure}()
#4 C:\Users\codersbay\OneDrive\Du_Li_Jo\Coders.Bay\codeigniter4-CodeIgniter4-202f41a\system\Common.php(1089): CodeIgniter\View\View->render('pages/login', Array, true)
#5 C:\Users\codersbay\OneDrive\Du_Li_Jo\Coders.Bay\codeigniter4-CodeIgniter4-202f41a\app\Controllers\Pages.php(22): view('pages/login', Array)
#6 C:\Users\codersbay\OneDrive\Du_Li_Jo\Coders.Bay\codeigniter4-CodeIgniter4-202f41a\system\CodeIgniter.php(832): App\Controllers\Pages->view('login')
#7 C:\Users\codersbay\OneDrive\Du_Li_Jo\Coders.Bay\codeigniter4-CodeIgniter4-202f41a\system\CodeIgniter.php(419): CodeIgniter\CodeIgniter->runController(Object(App\Controllers\Pages))
#8 C:\Users\codersbay\OneDrive\Du_Li_Jo\Coders.Bay\codeigniter4-CodeIgniter4-202f41a\system\CodeIgniter.php(326): CodeIgniter\CodeIgniter->handleRequest(NULL, Object(Config\Cache), false)
#9 C:\Users\codersbay\OneDrive\Du_Li_Jo\Coders.Bay\codeigniter4-CodeIgniter4-202f41a\public\index.php(37): CodeIgniter\CodeIgniter->run()
#10 C:\Users\codersbay\OneDrive\Du_Li_Jo\Coders.Bay\codeigniter4-CodeIgniter4-202f41a\system\Commands\Server\rewrite.php(43): require_once('C:\\Users\\coders...')
#11 {main}
CRITICAL - 2022-03-31 03:38:48 --> include(../utils/Profile.inc.php): Failed to open stream: No such file or directory
#0 C:\Users\codersbay\OneDrive\Du_Li_Jo\Coders.Bay\codeigniter4-CodeIgniter4-202f41a\app\Views\pages\new.php(3): CodeIgniter\Debug\Exceptions->errorHandler(2, 'include(../util...', 'C:\\Users\\coders...', 3)
#1 C:\Users\codersbay\OneDrive\Du_Li_Jo\Coders.Bay\codeigniter4-CodeIgniter4-202f41a\app\Views\pages\new.php(3): include()
#2 C:\Users\codersbay\OneDrive\Du_Li_Jo\Coders.Bay\codeigniter4-CodeIgniter4-202f41a\system\View\View.php(210): include('C:\\Users\\coders...')
#3 C:\Users\codersbay\OneDrive\Du_Li_Jo\Coders.Bay\codeigniter4-CodeIgniter4-202f41a\system\View\View.php(213): CodeIgniter\View\View->CodeIgniter\View\{closure}()
#4 C:\Users\codersbay\OneDrive\Du_Li_Jo\Coders.Bay\codeigniter4-CodeIgniter4-202f41a\system\Common.php(1089): CodeIgniter\View\View->render('pages/new', Array, true)
#5 C:\Users\codersbay\OneDrive\Du_Li_Jo\Coders.Bay\codeigniter4-CodeIgniter4-202f41a\app\Controllers\Pages.php(22): view('pages/new', Array)
#6 C:\Users\codersbay\OneDrive\Du_Li_Jo\Coders.Bay\codeigniter4-CodeIgniter4-202f41a\system\CodeIgniter.php(832): App\Controllers\Pages->view('new')
#7 C:\Users\codersbay\OneDrive\Du_Li_Jo\Coders.Bay\codeigniter4-CodeIgniter4-202f41a\system\CodeIgniter.php(419): CodeIgniter\CodeIgniter->runController(Object(App\Controllers\Pages))
#8 C:\Users\codersbay\OneDrive\Du_Li_Jo\Coders.Bay\codeigniter4-CodeIgniter4-202f41a\system\CodeIgniter.php(326): CodeIgniter\CodeIgniter->handleRequest(NULL, Object(Config\Cache), false)
#9 C:\Users\codersbay\OneDrive\Du_Li_Jo\Coders.Bay\codeigniter4-CodeIgniter4-202f41a\public\index.php(37): CodeIgniter\CodeIgniter->run()
#10 C:\Users\codersbay\OneDrive\Du_Li_Jo\Coders.Bay\codeigniter4-CodeIgniter4-202f41a\system\Commands\Server\rewrite.php(43): require_once('C:\\Users\\coders...')
#11 {main}
